;  LST file generated by mikroListExporter - v.2.0 
; Date/Time: 10/01/2015 17:54:23
;----------------------------------------------

;Address Opcode 	ASM
0x0000	0xF000EFFB  	GOTO        502
0x0004	0x0000      	NOP
0x0006	0x0000      	NOP
0x0008	0xF000EF00  	GOTO        0
0x000C	0x0000      	NOP
0x000E	0x0000      	NOP
0x0010	0x0000      	NOP
0x0012	0x0000      	NOP
0x0014	0x0000      	NOP
0x0016	0x0000      	NOP
0x0018	0xD7F3      	BRA         0
_Delay_1us:
;__Lib_Delays.c,7 :: 		void Delay_1us() {
;__Lib_Delays.c,8 :: 		Delay_us(1);
0x001C	0x0E03      	MOVLW       3
0x001E	0x6E0D      	MOVWF       R13, 0
L_Delay_1us0:
0x0020	0x2E0D      	DECFSZ      R13, 1, 0
0x0022	0xD7FE      	BRA         L_Delay_1us0
0x0024	0x0000      	NOP
0x0026	0x0000      	NOP
;__Lib_Delays.c,9 :: 		}
L_end_Delay_1us:
0x0028	0x0012      	RETURN      0
; end of _Delay_1us
_Delay_5500us:
;__Lib_Delays.c,31 :: 		void Delay_5500us() {
;__Lib_Delays.c,32 :: 		Delay_us(5500);
0x002A	0x0E56      	MOVLW       86
0x002C	0x6E0C      	MOVWF       R12, 0
0x002E	0x0EB5      	MOVLW       181
0x0030	0x6E0D      	MOVWF       R13, 0
L_Delay_5500us6:
0x0032	0x2E0D      	DECFSZ      R13, 1, 0
0x0034	0xD7FE      	BRA         L_Delay_5500us6
0x0036	0x2E0C      	DECFSZ      R12, 1, 0
0x0038	0xD7FC      	BRA         L_Delay_5500us6
0x003A	0x0000      	NOP
0x003C	0x0000      	NOP
;__Lib_Delays.c,33 :: 		}
L_end_Delay_5500us:
0x003E	0x0012      	RETURN      0
; end of _Delay_5500us
_Delay_50us:
;__Lib_Delays.c,19 :: 		void Delay_50us() {
;__Lib_Delays.c,20 :: 		Delay_us(50);
0x0040	0x0EC7      	MOVLW       199
0x0042	0x6E0D      	MOVWF       R13, 0
L_Delay_50us3:
0x0044	0x2E0D      	DECFSZ      R13, 1, 0
0x0046	0xD7FE      	BRA         L_Delay_50us3
0x0048	0x0000      	NOP
0x004A	0x0000      	NOP
;__Lib_Delays.c,21 :: 		}
L_end_Delay_50us:
0x004C	0x0012      	RETURN      0
; end of _Delay_50us
_Lcd_Cmd:
;__Lib_Lcd.c,18 :: 		
;__Lib_Lcd.c,20 :: 		
0x004E	0xBE4E      	BTFSC       FARG_Lcd_Cmd_out_char, 7 
0x0050	0xD002      	BRA         L__Lcd_Cmd21
0x0052	0x9E83      	BCF         LCD_D7, BitPos(LCD_D7+0) 
0x0054	0xD001      	BRA         L__Lcd_Cmd22
L__Lcd_Cmd21:
0x0056	0x8E83      	BSF         LCD_D7, BitPos(LCD_D7+0) 
L__Lcd_Cmd22:
;__Lib_Lcd.c,21 :: 		
0x0058	0xBC4E      	BTFSC       FARG_Lcd_Cmd_out_char, 6 
0x005A	0xD002      	BRA         L__Lcd_Cmd23
0x005C	0x9C83      	BCF         LCD_D6, BitPos(LCD_D6+0) 
0x005E	0xD001      	BRA         L__Lcd_Cmd24
L__Lcd_Cmd23:
0x0060	0x8C83      	BSF         LCD_D6, BitPos(LCD_D6+0) 
L__Lcd_Cmd24:
;__Lib_Lcd.c,22 :: 		
0x0062	0xBA4E      	BTFSC       FARG_Lcd_Cmd_out_char, 5 
0x0064	0xD002      	BRA         L__Lcd_Cmd25
0x0066	0x9A83      	BCF         LCD_D5, BitPos(LCD_D5+0) 
0x0068	0xD001      	BRA         L__Lcd_Cmd26
L__Lcd_Cmd25:
0x006A	0x8A83      	BSF         LCD_D5, BitPos(LCD_D5+0) 
L__Lcd_Cmd26:
;__Lib_Lcd.c,23 :: 		
0x006C	0xB84E      	BTFSC       FARG_Lcd_Cmd_out_char, 4 
0x006E	0xD002      	BRA         L__Lcd_Cmd27
0x0070	0x9883      	BCF         LCD_D4, BitPos(LCD_D4+0) 
0x0072	0xD001      	BRA         L__Lcd_Cmd28
L__Lcd_Cmd27:
0x0074	0x8883      	BSF         LCD_D4, BitPos(LCD_D4+0) 
L__Lcd_Cmd28:
;__Lib_Lcd.c,25 :: 		
0x0076	0xB047      	BTFSC       __Lib_Lcd_cmd_status, BitPos(__Lib_Lcd_cmd_status+0) 
0x0078	0xD002      	BRA         L__Lcd_Cmd29
0x007A	0x8283      	BSF         LCD_RS, BitPos(LCD_RS+0) 
0x007C	0xD001      	BRA         L__Lcd_Cmd30
L__Lcd_Cmd29:
0x007E	0x9283      	BCF         LCD_RS, BitPos(LCD_RS+0) 
L__Lcd_Cmd30:
;__Lib_Lcd.c,28 :: 		
0x0080	0x8083      	BSF         LCD_EN, BitPos(LCD_EN+0) 
;__Lib_Lcd.c,29 :: 		
0x0082	0xDFCC      	RCALL       _Delay_1us
;__Lib_Lcd.c,30 :: 		
0x0084	0x9083      	BCF         LCD_EN, BitPos(LCD_EN+0) 
;__Lib_Lcd.c,33 :: 		
0x0086	0xB64E      	BTFSC       FARG_Lcd_Cmd_out_char, 3 
0x0088	0xD002      	BRA         L__Lcd_Cmd31
0x008A	0x9E83      	BCF         LCD_D7, BitPos(LCD_D7+0) 
0x008C	0xD001      	BRA         L__Lcd_Cmd32
L__Lcd_Cmd31:
0x008E	0x8E83      	BSF         LCD_D7, BitPos(LCD_D7+0) 
L__Lcd_Cmd32:
;__Lib_Lcd.c,34 :: 		
0x0090	0xB44E      	BTFSC       FARG_Lcd_Cmd_out_char, 2 
0x0092	0xD002      	BRA         L__Lcd_Cmd33
0x0094	0x9C83      	BCF         LCD_D6, BitPos(LCD_D6+0) 
0x0096	0xD001      	BRA         L__Lcd_Cmd34
L__Lcd_Cmd33:
0x0098	0x8C83      	BSF         LCD_D6, BitPos(LCD_D6+0) 
L__Lcd_Cmd34:
;__Lib_Lcd.c,35 :: 		
0x009A	0xB24E      	BTFSC       FARG_Lcd_Cmd_out_char, 1 
0x009C	0xD002      	BRA         L__Lcd_Cmd35
0x009E	0x9A83      	BCF         LCD_D5, BitPos(LCD_D5+0) 
0x00A0	0xD001      	BRA         L__Lcd_Cmd36
L__Lcd_Cmd35:
0x00A2	0x8A83      	BSF         LCD_D5, BitPos(LCD_D5+0) 
L__Lcd_Cmd36:
;__Lib_Lcd.c,36 :: 		
0x00A4	0xB04E      	BTFSC       FARG_Lcd_Cmd_out_char, 0 
0x00A6	0xD002      	BRA         L__Lcd_Cmd37
0x00A8	0x9883      	BCF         LCD_D4, BitPos(LCD_D4+0) 
0x00AA	0xD001      	BRA         L__Lcd_Cmd38
L__Lcd_Cmd37:
0x00AC	0x8883      	BSF         LCD_D4, BitPos(LCD_D4+0) 
L__Lcd_Cmd38:
;__Lib_Lcd.c,38 :: 		
0x00AE	0xB047      	BTFSC       __Lib_Lcd_cmd_status, BitPos(__Lib_Lcd_cmd_status+0) 
0x00B0	0xD002      	BRA         L__Lcd_Cmd39
0x00B2	0x8283      	BSF         LCD_RS, BitPos(LCD_RS+0) 
0x00B4	0xD001      	BRA         L__Lcd_Cmd40
L__Lcd_Cmd39:
0x00B6	0x9283      	BCF         LCD_RS, BitPos(LCD_RS+0) 
L__Lcd_Cmd40:
;__Lib_Lcd.c,40 :: 		
0x00B8	0x8083      	BSF         LCD_EN, BitPos(LCD_EN+0) 
;__Lib_Lcd.c,41 :: 		
0x00BA	0xDFB0      	RCALL       _Delay_1us
;__Lib_Lcd.c,42 :: 		
0x00BC	0x9083      	BCF         LCD_EN, BitPos(LCD_EN+0) 
;__Lib_Lcd.c,44 :: 		
0x00BE	0xA047      	BTFSS       __Lib_Lcd_cmd_status, BitPos(__Lib_Lcd_cmd_status+0) 
0x00C0	0xD002      	BRA         L_Lcd_Cmd0
;__Lib_Lcd.c,45 :: 		
0x00C2	0xDFB3      	RCALL       _Delay_5500us
0x00C4	0xD001      	BRA         L_Lcd_Cmd1
L_Lcd_Cmd0:
;__Lib_Lcd.c,47 :: 		
0x00C6	0xDFBC      	RCALL       _Delay_50us
L_Lcd_Cmd1:
;__Lib_Lcd.c,48 :: 		
L_end_Lcd_Cmd:
0x00C8	0x0012      	RETURN      0
; end of _Lcd_Cmd
_Lcd_Chr_CP:
;__Lib_Lcd.c,50 :: 		
;__Lib_Lcd.c,52 :: 		
0x00CA	0x9047      	BCF         __Lib_Lcd_cmd_status, BitPos(__Lib_Lcd_cmd_status+0) 
;__Lib_Lcd.c,53 :: 		
0x00CC	0xF04EC04D  	MOVFF       FARG_Lcd_Chr_CP_out_char, FARG_Lcd_Cmd_out_char
0x00D0	0xDFBE      	RCALL       _Lcd_Cmd
;__Lib_Lcd.c,54 :: 		
0x00D2	0x8047      	BSF         __Lib_Lcd_cmd_status, BitPos(__Lib_Lcd_cmd_status+0) 
;__Lib_Lcd.c,55 :: 		
L_end_Lcd_Chr_CP:
0x00D4	0x0012      	RETURN      0
; end of _Lcd_Chr_CP
___CC2DW:
;__Lib_System.c,21 :: 		
;__Lib_System.c,23 :: 		
_CC2DL_Loop1:
;__Lib_System.c,24 :: 		
0x00D6	0x0009      	TBLRD*+
;__Lib_System.c,25 :: 		
0x00D8	0xFFE6CFF5  	MOVFF       TABLAT, POSTINC1
;__Lib_System.c,26 :: 		
0x00DC	0x0600      	DECF        R0, 1, 0
;__Lib_System.c,27 :: 		
0x00DE	0xE1FB      	BNZ         _CC2DL_Loop1
;__Lib_System.c,28 :: 		
0x00E0	0x0601      	DECF        R1, 1, 0
;__Lib_System.c,29 :: 		
0x00E2	0xE1F9      	BNZ         _CC2DL_Loop1
;__Lib_System.c,31 :: 		
L_end___CC2DW:
0x00E4	0x0012      	RETURN      0
; end of ___CC2DW
_Lcd_Init:
;__Lib_Lcd.c,84 :: 		
;__Lib_Lcd.c,86 :: 		
0x00E6	0x9095      	BCF         LCD_EN_Direction, BitPos(LCD_EN_Direction+0) 
;__Lib_Lcd.c,87 :: 		
0x00E8	0x9295      	BCF         LCD_RS_Direction, BitPos(LCD_RS_Direction+0) 
;__Lib_Lcd.c,88 :: 		
0x00EA	0x9895      	BCF         LCD_D4_Direction, BitPos(LCD_D4_Direction+0) 
;__Lib_Lcd.c,89 :: 		
0x00EC	0x9A95      	BCF         LCD_D5_Direction, BitPos(LCD_D5_Direction+0) 
;__Lib_Lcd.c,90 :: 		
0x00EE	0x9C95      	BCF         LCD_D6_Direction, BitPos(LCD_D6_Direction+0) 
;__Lib_Lcd.c,91 :: 		
0x00F0	0x9E95      	BCF         LCD_D7_Direction, BitPos(LCD_D7_Direction+0) 
;__Lib_Lcd.c,93 :: 		
0x00F2	0x9083      	BCF         LCD_EN, BitPos(LCD_EN+0) 
;__Lib_Lcd.c,94 :: 		
0x00F4	0x9283      	BCF         LCD_RS, BitPos(LCD_RS+0) 
;__Lib_Lcd.c,95 :: 		
0x00F6	0x9E83      	BCF         LCD_D7, BitPos(LCD_D7+0) 
;__Lib_Lcd.c,96 :: 		
0x00F8	0x9C83      	BCF         LCD_D6, BitPos(LCD_D6+0) 
;__Lib_Lcd.c,97 :: 		
0x00FA	0x9A83      	BCF         LCD_D5, BitPos(LCD_D5+0) 
;__Lib_Lcd.c,98 :: 		
0x00FC	0x9883      	BCF         LCD_D4, BitPos(LCD_D4+0) 
;__Lib_Lcd.c,100 :: 		
0x00FE	0xDF95      	RCALL       _Delay_5500us
;__Lib_Lcd.c,101 :: 		
0x0100	0xDF94      	RCALL       _Delay_5500us
;__Lib_Lcd.c,102 :: 		
0x0102	0xDF93      	RCALL       _Delay_5500us
;__Lib_Lcd.c,105 :: 		
0x0104	0x8A83      	BSF         LCD_D5, BitPos(LCD_D5+0) 
;__Lib_Lcd.c,106 :: 		
0x0106	0x8883      	BSF         LCD_D4, BitPos(LCD_D4+0) 
;__Lib_Lcd.c,107 :: 		
0x0108	0x8083      	BSF         LCD_EN, BitPos(LCD_EN+0) 
;__Lib_Lcd.c,108 :: 		
0x010A	0xDF88      	RCALL       _Delay_1us
;__Lib_Lcd.c,109 :: 		
0x010C	0x9083      	BCF         LCD_EN, BitPos(LCD_EN+0) 
;__Lib_Lcd.c,110 :: 		
0x010E	0xDF8D      	RCALL       _Delay_5500us
;__Lib_Lcd.c,112 :: 		
0x0110	0x8083      	BSF         LCD_EN, BitPos(LCD_EN+0) 
;__Lib_Lcd.c,113 :: 		
0x0112	0xDF84      	RCALL       _Delay_1us
;__Lib_Lcd.c,114 :: 		
0x0114	0x9083      	BCF         LCD_EN, BitPos(LCD_EN+0) 
;__Lib_Lcd.c,115 :: 		
0x0116	0xDF89      	RCALL       _Delay_5500us
;__Lib_Lcd.c,117 :: 		
0x0118	0x8083      	BSF         LCD_EN, BitPos(LCD_EN+0) 
;__Lib_Lcd.c,118 :: 		
0x011A	0xDF80      	RCALL       _Delay_1us
;__Lib_Lcd.c,119 :: 		
0x011C	0x9083      	BCF         LCD_EN, BitPos(LCD_EN+0) 
;__Lib_Lcd.c,120 :: 		
0x011E	0xDF85      	RCALL       _Delay_5500us
;__Lib_Lcd.c,123 :: 		
0x0120	0x9883      	BCF         LCD_D4, BitPos(LCD_D4+0) 
;__Lib_Lcd.c,124 :: 		
0x0122	0x8083      	BSF         LCD_EN, BitPos(LCD_EN+0) 
;__Lib_Lcd.c,125 :: 		
0x0124	0xDF7B      	RCALL       _Delay_1us
;__Lib_Lcd.c,126 :: 		
0x0126	0x9083      	BCF         LCD_EN, BitPos(LCD_EN+0) 
;__Lib_Lcd.c,127 :: 		
0x0128	0xDF80      	RCALL       _Delay_5500us
;__Lib_Lcd.c,130 :: 		
0x012A	0x8083      	BSF         LCD_EN, BitPos(LCD_EN+0) 
;__Lib_Lcd.c,131 :: 		
0x012C	0xDF77      	RCALL       _Delay_1us
;__Lib_Lcd.c,132 :: 		
0x012E	0x9083      	BCF         LCD_EN, BitPos(LCD_EN+0) 
;__Lib_Lcd.c,134 :: 		
0x0130	0x9A83      	BCF         LCD_D5, BitPos(LCD_D5+0) 
;__Lib_Lcd.c,135 :: 		
0x0132	0x8E83      	BSF         LCD_D7, BitPos(LCD_D7+0) 
;__Lib_Lcd.c,136 :: 		
0x0134	0x8083      	BSF         LCD_EN, BitPos(LCD_EN+0) 
;__Lib_Lcd.c,137 :: 		
0x0136	0xDF72      	RCALL       _Delay_1us
;__Lib_Lcd.c,138 :: 		
0x0138	0x9083      	BCF         LCD_EN, BitPos(LCD_EN+0) 
;__Lib_Lcd.c,139 :: 		
0x013A	0xDF77      	RCALL       _Delay_5500us
;__Lib_Lcd.c,142 :: 		
0x013C	0x9E83      	BCF         LCD_D7, BitPos(LCD_D7+0) 
;__Lib_Lcd.c,143 :: 		
0x013E	0x8883      	BSF         LCD_D4, BitPos(LCD_D4+0) 
;__Lib_Lcd.c,144 :: 		
0x0140	0x8083      	BSF         LCD_EN, BitPos(LCD_EN+0) 
;__Lib_Lcd.c,145 :: 		
0x0142	0xDF6C      	RCALL       _Delay_1us
;__Lib_Lcd.c,146 :: 		
0x0144	0x9083      	BCF         LCD_EN, BitPos(LCD_EN+0) 
;__Lib_Lcd.c,148 :: 		
0x0146	0x9883      	BCF         LCD_D4, BitPos(LCD_D4+0) 
;__Lib_Lcd.c,149 :: 		
0x0148	0x8083      	BSF         LCD_EN, BitPos(LCD_EN+0) 
;__Lib_Lcd.c,150 :: 		
0x014A	0xDF68      	RCALL       _Delay_1us
;__Lib_Lcd.c,151 :: 		
0x014C	0x9083      	BCF         LCD_EN, BitPos(LCD_EN+0) 
;__Lib_Lcd.c,152 :: 		
0x014E	0xDF6D      	RCALL       _Delay_5500us
;__Lib_Lcd.c,155 :: 		
0x0150	0x8083      	BSF         LCD_EN, BitPos(LCD_EN+0) 
;__Lib_Lcd.c,156 :: 		
0x0152	0xDF64      	RCALL       _Delay_1us
;__Lib_Lcd.c,157 :: 		
0x0154	0x9083      	BCF         LCD_EN, BitPos(LCD_EN+0) 
;__Lib_Lcd.c,159 :: 		
0x0156	0x8883      	BSF         LCD_D4, BitPos(LCD_D4+0) 
;__Lib_Lcd.c,160 :: 		
0x0158	0x8083      	BSF         LCD_EN, BitPos(LCD_EN+0) 
;__Lib_Lcd.c,161 :: 		
0x015A	0xDF60      	RCALL       _Delay_1us
;__Lib_Lcd.c,162 :: 		
0x015C	0x9083      	BCF         LCD_EN, BitPos(LCD_EN+0) 
;__Lib_Lcd.c,163 :: 		
0x015E	0xDF65      	RCALL       _Delay_5500us
;__Lib_Lcd.c,166 :: 		
0x0160	0x9883      	BCF         LCD_D4, BitPos(LCD_D4+0) 
;__Lib_Lcd.c,167 :: 		
0x0162	0x8083      	BSF         LCD_EN, BitPos(LCD_EN+0) 
;__Lib_Lcd.c,168 :: 		
0x0164	0xDF5B      	RCALL       _Delay_1us
;__Lib_Lcd.c,169 :: 		
0x0166	0x9083      	BCF         LCD_EN, BitPos(LCD_EN+0) 
;__Lib_Lcd.c,171 :: 		
0x0168	0x8E83      	BSF         LCD_D7, BitPos(LCD_D7+0) 
;__Lib_Lcd.c,172 :: 		
0x016A	0x8C83      	BSF         LCD_D6, BitPos(LCD_D6+0) 
;__Lib_Lcd.c,173 :: 		
0x016C	0x8A83      	BSF         LCD_D5, BitPos(LCD_D5+0) 
;__Lib_Lcd.c,174 :: 		
0x016E	0x8883      	BSF         LCD_D4, BitPos(LCD_D4+0) 
;__Lib_Lcd.c,175 :: 		
0x0170	0x8083      	BSF         LCD_EN, BitPos(LCD_EN+0) 
;__Lib_Lcd.c,176 :: 		
0x0172	0xDF54      	RCALL       _Delay_1us
;__Lib_Lcd.c,177 :: 		
0x0174	0x9083      	BCF         LCD_EN, BitPos(LCD_EN+0) 
;__Lib_Lcd.c,179 :: 		
0x0176	0xDF59      	RCALL       _Delay_5500us
;__Lib_Lcd.c,181 :: 		
0x0178	0x8047      	BSF         __Lib_Lcd_cmd_status, BitPos(__Lib_Lcd_cmd_status+0) 
;__Lib_Lcd.c,182 :: 		
L_end_Lcd_Init:
0x017A	0x0012      	RETURN      0
; end of _Lcd_Init
_Lcd_Out:
;__Lib_Lcd.c,184 :: 		
;__Lib_Lcd.c,187 :: 		
0x017C	0xD00F      	BRA         L_Lcd_Out11
;__Lib_Lcd.c,188 :: 		
L_Lcd_Out13:
0x017E	0x0E80      	MOVLW       128
0x0180	0x6E48      	MOVWF       FARG_Lcd_Out_row 
0x0182	0xD019      	BRA         L_Lcd_Out12
;__Lib_Lcd.c,189 :: 		
L_Lcd_Out14:
0x0184	0x0EC0      	MOVLW       192
0x0186	0x6E48      	MOVWF       FARG_Lcd_Out_row 
0x0188	0xD016      	BRA         L_Lcd_Out12
;__Lib_Lcd.c,190 :: 		
L_Lcd_Out15:
0x018A	0x0E94      	MOVLW       148
0x018C	0x6E48      	MOVWF       FARG_Lcd_Out_row 
0x018E	0xD013      	BRA         L_Lcd_Out12
;__Lib_Lcd.c,191 :: 		
L_Lcd_Out16:
0x0190	0x0ED4      	MOVLW       212
0x0192	0x6E48      	MOVWF       FARG_Lcd_Out_row 
0x0194	0xD010      	BRA         L_Lcd_Out12
;__Lib_Lcd.c,192 :: 		
L_Lcd_Out17:
0x0196	0x0E80      	MOVLW       128
0x0198	0x6E48      	MOVWF       FARG_Lcd_Out_row 
;__Lib_Lcd.c,193 :: 		
0x019A	0xD00D      	BRA         L_Lcd_Out12
L_Lcd_Out11:
0x019C	0x5048      	MOVF        FARG_Lcd_Out_row, 0 
0x019E	0x0A01      	XORLW       1
0x01A0	0xE0EE      	BZ          L_Lcd_Out13
0x01A2	0x5048      	MOVF        FARG_Lcd_Out_row, 0 
0x01A4	0x0A02      	XORLW       2
0x01A6	0xE0EE      	BZ          L_Lcd_Out14
0x01A8	0x5048      	MOVF        FARG_Lcd_Out_row, 0 
0x01AA	0x0A03      	XORLW       3
0x01AC	0xE0EE      	BZ          L_Lcd_Out15
0x01AE	0x5048      	MOVF        FARG_Lcd_Out_row, 0 
0x01B0	0x0A04      	XORLW       4
0x01B2	0xE0EE      	BZ          L_Lcd_Out16
0x01B4	0xD7F0      	BRA         L_Lcd_Out17
L_Lcd_Out12:
;__Lib_Lcd.c,194 :: 		
0x01B6	0x0449      	DECF        FARG_Lcd_Out_column, 0 
0x01B8	0x6E00      	MOVWF       R0 
0x01BA	0x5048      	MOVF        FARG_Lcd_Out_row, 0 
0x01BC	0x2600      	ADDWF       R0, 1 
0x01BE	0xF048C000  	MOVFF       R0, FARG_Lcd_Out_row
;__Lib_Lcd.c,196 :: 		
0x01C2	0xF04EC000  	MOVFF       R0, FARG_Lcd_Cmd_out_char
0x01C6	0xDF43      	RCALL       _Lcd_Cmd
;__Lib_Lcd.c,197 :: 		
0x01C8	0x9047      	BCF         __Lib_Lcd_cmd_status, BitPos(__Lib_Lcd_cmd_status+0) 
;__Lib_Lcd.c,198 :: 		
0x01CA	0x6A4C      	CLRF        Lcd_Out_i_L0 
;__Lib_Lcd.c,199 :: 		
L_Lcd_Out18:
0x01CC	0x504C      	MOVF        Lcd_Out_i_L0, 0 
0x01CE	0x244A      	ADDWF       FARG_Lcd_Out_text, 0 
0x01D0	0x6EE9      	MOVWF       FSR0L 
0x01D2	0x0E00      	MOVLW       0
0x01D4	0x204B      	ADDWFC      FARG_Lcd_Out_text+1, 0 
0x01D6	0x6EEA      	MOVWF       FSR0H 
0x01D8	0x52EE      	MOVF        POSTINC0, 1 
0x01DA	0xE00B      	BZ          L_Lcd_Out19
;__Lib_Lcd.c,200 :: 		
0x01DC	0x504C      	MOVF        Lcd_Out_i_L0, 0 
0x01DE	0x244A      	ADDWF       FARG_Lcd_Out_text, 0 
0x01E0	0x6EE9      	MOVWF       FSR0L 
0x01E2	0x0E00      	MOVLW       0
0x01E4	0x204B      	ADDWFC      FARG_Lcd_Out_text+1, 0 
0x01E6	0x6EEA      	MOVWF       FSR0H 
0x01E8	0xF04DCFEE  	MOVFF       POSTINC0, FARG_Lcd_Chr_CP_out_char
0x01EC	0xDF6E      	RCALL       _Lcd_Chr_CP
0x01EE	0x2A4C      	INCF        Lcd_Out_i_L0, 1 
0x01F0	0xD7ED      	BRA         L_Lcd_Out18
L_Lcd_Out19:
;__Lib_Lcd.c,201 :: 		
0x01F2	0x8047      	BSF         __Lib_Lcd_cmd_status, BitPos(__Lib_Lcd_cmd_status+0) 
;__Lib_Lcd.c,202 :: 		
L_end_Lcd_Out:
0x01F4	0x0012      	RETURN      0
; end of _Lcd_Out
_main:
0x01F6	0xF001EC45  	CALL        650, 0
;LCD.c,26 :: 		void main()
;LCD.c,28 :: 		TRISD = 0;
0x01FA	0x6A95      	CLRF        TRISD 
;LCD.c,29 :: 		PORTD = 0;
0x01FC	0x6A83      	CLRF        PORTD 
;LCD.c,31 :: 		Lcd_Init();               // Inicializa LCD
0x01FE	0xDF73      	RCALL       _Lcd_Init
;LCD.c,32 :: 		Lcd_Cmd(_LCD_CLEAR);      // Limpa LCD
0x0200	0x0E01      	MOVLW       1
0x0202	0x6E4E      	MOVWF       FARG_Lcd_Cmd_out_char 
0x0204	0xDF24      	RCALL       _Lcd_Cmd
;LCD.c,33 :: 		Lcd_Cmd(_LCD_CURSOR_OFF); // Desliga cursor
0x0206	0x0E0C      	MOVLW       12
0x0208	0x6E4E      	MOVWF       FARG_Lcd_Cmd_out_char 
0x020A	0xDF21      	RCALL       _Lcd_Cmd
;LCD.c,37 :: 		LCD_Out(1, 1, "uStart for PIC");
0x020C	0x0E01      	MOVLW       1
0x020E	0x6E48      	MOVWF       FARG_Lcd_Out_row 
0x0210	0x0E01      	MOVLW       1
0x0212	0x6E49      	MOVWF       FARG_Lcd_Out_column 
0x0214	0x0E38      	MOVLW       ?lstr1_LCD
0x0216	0x6E4A      	MOVWF       FARG_Lcd_Out_text 
0x0218	0x0E00      	MOVLW       hi_addr(?lstr1_LCD)
0x021A	0x6E4B      	MOVWF       FARG_Lcd_Out_text+1 
0x021C	0xDFAF      	RCALL       _Lcd_Out
;LCD.c,38 :: 		LCD_Out(2, 1, "PIC18F4550");
0x021E	0x0E02      	MOVLW       2
0x0220	0x6E48      	MOVWF       FARG_Lcd_Out_row 
0x0222	0x0E01      	MOVLW       1
0x0224	0x6E49      	MOVWF       FARG_Lcd_Out_column 
0x0226	0x0E2D      	MOVLW       ?lstr2_LCD
0x0228	0x6E4A      	MOVWF       FARG_Lcd_Out_text 
0x022A	0x0E00      	MOVLW       hi_addr(?lstr2_LCD)
0x022C	0x6E4B      	MOVWF       FARG_Lcd_Out_text+1 
0x022E	0xDFA6      	RCALL       _Lcd_Out
;LCD.c,39 :: 		LCD_Out(3, 1, "MR");
0x0230	0x0E03      	MOVLW       3
0x0232	0x6E48      	MOVWF       FARG_Lcd_Out_row 
0x0234	0x0E01      	MOVLW       1
0x0236	0x6E49      	MOVWF       FARG_Lcd_Out_column 
0x0238	0x0E15      	MOVLW       ?lstr3_LCD
0x023A	0x6E4A      	MOVWF       FARG_Lcd_Out_text 
0x023C	0x0E00      	MOVLW       hi_addr(?lstr3_LCD)
0x023E	0x6E4B      	MOVWF       FARG_Lcd_Out_text+1 
0x0240	0xDF9D      	RCALL       _Lcd_Out
;LCD.c,40 :: 		LCD_Out(4, 1, "ABCDEFGHIJ1234567890");
0x0242	0x0E04      	MOVLW       4
0x0244	0x6E48      	MOVWF       FARG_Lcd_Out_row 
0x0246	0x0E01      	MOVLW       1
0x0248	0x6E49      	MOVWF       FARG_Lcd_Out_column 
0x024A	0x0E18      	MOVLW       ?lstr4_LCD
0x024C	0x6E4A      	MOVWF       FARG_Lcd_Out_text 
0x024E	0x0E00      	MOVLW       hi_addr(?lstr4_LCD)
0x0250	0x6E4B      	MOVWF       FARG_Lcd_Out_text+1 
0x0252	0xDF94      	RCALL       _Lcd_Out
;LCD.c,43 :: 		while(1)
L_main0:
;LCD.c,45 :: 		} // while
0x0254	0xD7FF      	BRA         L_main0
;LCD.c,46 :: 		} // main
L_end_main:
0x0256	0xD7FF      	BRA         $+0
; end of _main
0x028A	0xF015EE10  	LFSR        1, 21
0x028E	0x0E32      	MOVLW       50
0x0290	0x6E00      	MOVWF       R0 
0x0292	0x0E01      	MOVLW       1
0x0294	0x6E01      	MOVWF       R1 
0x0296	0x0E58      	MOVLW       88
0x0298	0x6EF6      	MOVWF       4086 
0x029A	0x0E02      	MOVLW       2
0x029C	0x6EF7      	MOVWF       TBLPTRH 
0x029E	0x0E00      	MOVLW       0
0x02A0	0x6EF8      	MOVWF       TBLPTRU 
0x02A2	0xF000EC6B  	CALL        214, 0
0x02A6	0x0012      	RETURN      0
;LCD.c,0 :: ?ICS?lstr3_LCD
0x0258	0x524D ;?ICS?lstr3_LCD+0
0x025A	0x00 ;?ICS?lstr3_LCD+2
; end of ?ICS?lstr3_LCD
;LCD.c,0 :: ?ICS?lstr4_LCD
0x025B	0x4241 ;?ICS?lstr4_LCD+0
0x025D	0x4443 ;?ICS?lstr4_LCD+2
0x025F	0x4645 ;?ICS?lstr4_LCD+4
0x0261	0x4847 ;?ICS?lstr4_LCD+6
0x0263	0x4A49 ;?ICS?lstr4_LCD+8
0x0265	0x3231 ;?ICS?lstr4_LCD+10
0x0267	0x3433 ;?ICS?lstr4_LCD+12
0x0269	0x3635 ;?ICS?lstr4_LCD+14
0x026B	0x3837 ;?ICS?lstr4_LCD+16
0x026D	0x3039 ;?ICS?lstr4_LCD+18
0x026F	0x00 ;?ICS?lstr4_LCD+20
; end of ?ICS?lstr4_LCD
;LCD.c,0 :: ?ICS?lstr2_LCD
0x0270	0x4950 ;?ICS?lstr2_LCD+0
0x0272	0x3143 ;?ICS?lstr2_LCD+2
0x0274	0x4638 ;?ICS?lstr2_LCD+4
0x0276	0x3534 ;?ICS?lstr2_LCD+6
0x0278	0x3035 ;?ICS?lstr2_LCD+8
0x027A	0x00 ;?ICS?lstr2_LCD+10
; end of ?ICS?lstr2_LCD
;LCD.c,0 :: ?ICS?lstr1_LCD
0x027B	0x5375 ;?ICS?lstr1_LCD+0
0x027D	0x6174 ;?ICS?lstr1_LCD+2
0x027F	0x7472 ;?ICS?lstr1_LCD+4
0x0281	0x6620 ;?ICS?lstr1_LCD+6
0x0283	0x726F ;?ICS?lstr1_LCD+8
0x0285	0x5020 ;?ICS?lstr1_LCD+10
0x0287	0x4349 ;?ICS?lstr1_LCD+12
0x0289	0x00 ;?ICS?lstr1_LCD+14
; end of ?ICS?lstr1_LCD
Symbol List:
//** Routines locations **
//ADDRESS    SIZE    PROCEDURE
//----------------------------------------------
0x001C      [14]    _Delay_1us
0x002A      [22]    _Delay_5500us
0x0040      [14]    _Delay_50us
0x004E     [124]    _Lcd_Cmd
0x00CA      [12]    _Lcd_Chr_CP
0x00D6      [16]    ___CC2DW
0x00E6     [150]    _Lcd_Init
0x017C     [122]    _Lcd_Out
0x01F6      [98]    _main
//** Variables locations ** 
//ADDRESS    SIZE    VARIABLE
//----------------------------------------------
0x0000       [1]    R0
0x0001       [1]    R1
0x0002       [1]    R2
0x0003       [1]    R3
0x0004       [1]    R4
0x0005       [1]    R5
0x0006       [1]    R6
0x0007       [1]    R7
0x0008       [1]    R8
0x0009       [1]    R9
0x000A       [1]    R10
0x000B       [1]    R11
0x000C       [1]    R12
0x000D       [1]    R13
0x000E       [1]    R14
0x000F       [1]    R15
0x0010       [1]    R16
0x0011       [1]    R17
0x0012       [1]    R18
0x0013       [1]    R19
0x0014       [1]    R20
0x0015       [3]    ?lstr3_LCD
0x0018      [21]    ?lstr4_LCD
0x002D      [11]    ?lstr2_LCD
0x0038      [15]    ?lstr1_LCD
0x0047       [0]    __Lib_Lcd_cmd_status
0x0048       [1]    FARG_Lcd_Out_row
0x0049       [1]    FARG_Lcd_Out_column
0x004A       [2]    FARG_Lcd_Out_text
0x004C       [1]    Lcd_Out_i_L0
0x004D       [1]    FARG_Lcd_Chr_CP_out_char
0x004E       [1]    FARG_Lcd_Cmd_out_char
0x0F83       [0]    LCD_D6
0x0F83       [0]    RD4_bit
0x0F83       [0]    LCD_D7
0x0F83       [0]    RD7_bit
0x0F83       [0]    RD5_bit
0x0F83       [0]    RD6_bit
0x0F83       [0]    RD0_bit
0x0F83       [1]    PORTD
0x0F83       [0]    LCD_RS
0x0F83       [0]    LCD_EN
0x0F83       [0]    RD1_bit
0x0F83       [0]    LCD_D4
0x0F83       [0]    LCD_D5
0x0F95       [1]    TRISD
0x0F95       [0]    TRISD0_bit
0x0F95       [0]    TRISD5_bit
0x0F95       [0]    TRISD6_bit
0x0F95       [0]    TRISD1_bit
0x0F95       [0]    TRISD4_bit
0x0F95       [0]    LCD_D6_Direction
0x0F95       [0]    LCD_D5_Direction
0x0F95       [0]    TRISD7_bit
0x0F95       [0]    LCD_D7_Direction
0x0F95       [0]    LCD_EN_Direction
0x0F95       [0]    LCD_RS_Direction
0x0F95       [0]    LCD_D4_Direction
0x0FD8       [1]    STATUS
0x0FD9       [1]    FSR2L
0x0FDA       [1]    FSR2H
0x0FDE       [1]    POSTINC2
0x0FE0       [1]    BSR
0x0FE1       [1]    FSR1L
0x0FE2       [1]    FSR1H
0x0FE4       [1]    PREINC1
0x0FE6       [1]    POSTINC1
0x0FE7       [1]    INDF1
0x0FE8       [1]    WREG
0x0FE9       [1]    FSR0L
0x0FEA       [1]    FSR0H
0x0FEE       [1]    POSTINC0
0x0FF3       [1]    PRODL
0x0FF4       [1]    PRODH
0x0FF5       [1]    TABLAT
0x0FF6       [1]    TBLPTRL
0x0FF7       [1]    TBLPTRH
0x0FF8       [1]    TBLPTRU
//** Constants locations ** 
//ADDRESS    SIZE    CONSTANT
//----------------------------------------------
0x0258       [3]    ?ICS?lstr3_LCD
0x025B      [21]    ?ICS?lstr4_LCD
0x0270      [11]    ?ICS?lstr2_LCD
0x027B      [15]    ?ICS?lstr1_LCD
//** Label List: ** 
//----------------------------------------------
  L_main0
  L_main1
  L_end_main
  _main
  L_Delay_1us0
  L_Delay_10us1
  L_Delay_22us2
  L_Delay_50us3
  L_Delay_80us4
  L_Delay_500us5
  L_Delay_5500us6
  L_Delay_1ms7
  L_Delay_5ms8
  L_Delay_8ms9
  L_Delay_100ms10
  L_Delay_10ms11
  L_Delay_1sec12
  L____Boot_Delay4k13
  L____Boot_Delay8k14
  L____Boot_Delay12k15
  L____Boot_Delay16k16
  L____Boot_Delay24k17
  L____Boot_Delay32k18
  L____Boot_Delay48k19
  L____Boot_Delay64k20
  L____Boot_Delay128k21
  L_Delay_Cyc22
  L_Delay_Cyc23
  L_VDelay_ms24
  L_VDelay_ms25
  L_VDelay_ms26
  L_VDelay_Advanced_ms27
  L_VDelay_Advanced_ms28
  L_VDelay_Advanced_ms29
  L_end_Get_Fosc_kHz
  _Get_Fosc_kHz
  L_end_Delay_1us
  _Delay_1us
  L_end_Delay_10us
  _Delay_10us
  L_end_Delay_22us
  _Delay_22us
  L_end_Delay_50us
  _Delay_50us
  L_end_Delay_80us
  _Delay_80us
  L_end_Delay_500us
  _Delay_500us
  L_end_Delay_5500us
  _Delay_5500us
  L_end_Delay_1ms
  _Delay_1ms
  L_end_Delay_5ms
  _Delay_5ms
  L_end_Delay_8ms
  _Delay_8ms
  L_end_Delay_100ms
  _Delay_100ms
  L_end_Delay_10ms
  _Delay_10ms
  L_end_Delay_1sec
  _Delay_1sec
  L_end____Boot_Delay4k
  ____Boot_Delay4k
  L_end____Boot_Delay8k
  ____Boot_Delay8k
  L_end____Boot_Delay12k
  ____Boot_Delay12k
  L_end____Boot_Delay16k
  ____Boot_Delay16k
  L_end____Boot_Delay24k
  ____Boot_Delay24k
  L_end____Boot_Delay32k
  ____Boot_Delay32k
  L_end____Boot_Delay48k
  ____Boot_Delay48k
  L_end____Boot_Delay64k
  ____Boot_Delay64k
  L_end____Boot_Delay128k
  ____Boot_Delay128k
  L_end_Delay_Cyc
  _Delay_Cyc
  L_end_VDelay_ms
  _VDelay_ms
  L__VDelay_ms55
  L__VDelay_ms56
  L__VDelay_ms57
  L_end_VDelay_Advanced_ms
  _VDelay_Advanced_ms
  L__VDelay_Advanced_ms59
  L__VDelay_Advanced_ms60
  L__VDelay_Advanced_ms61
  L_Lcd_Cmd0
  L_Lcd_Cmd1
  L_Lcd_Out_CP2
  L_Lcd_Out_CP3
  L_Lcd_Chr4
  L_Lcd_Chr5
  L_Lcd_Chr6
  L_Lcd_Chr7
  L_Lcd_Chr8
  L_Lcd_Chr9
  L_Lcd_Chr10
  L_Lcd_Out11
  L_Lcd_Out12
  L_Lcd_Out13
  L_Lcd_Out14
  L_Lcd_Out15
  L_Lcd_Out16
  L_Lcd_Out17
  L_Lcd_Out18
  L_Lcd_Out19
  L_end_Lcd_Cmd
  _Lcd_Cmd
  L__Lcd_Cmd21
  L__Lcd_Cmd22
  L__Lcd_Cmd23
  L__Lcd_Cmd24
  L__Lcd_Cmd25
  L__Lcd_Cmd26
  L__Lcd_Cmd27
  L__Lcd_Cmd28
  L__Lcd_Cmd29
  L__Lcd_Cmd30
  L__Lcd_Cmd31
  L__Lcd_Cmd32
  L__Lcd_Cmd33
  L__Lcd_Cmd34
  L__Lcd_Cmd35
  L__Lcd_Cmd36
  L__Lcd_Cmd37
  L__Lcd_Cmd38
  L__Lcd_Cmd39
  L__Lcd_Cmd40
  L_end_Lcd_Chr_CP
  _Lcd_Chr_CP
  L_end_Lcd_Out_CP
  _Lcd_Out_CP
  L_end_Lcd_Chr
  _Lcd_Chr
  L_end_Lcd_Init
  _Lcd_Init
  L_end_Lcd_Out
  _Lcd_Out
  _CC2D_Loop1
  _CC2DL_Loop1
  L_loopCA2AWs
  L_loopCCA2AWs
  L_loopCS2Ss
  L_CS2Send
  L_loopCCS2Ss
  L_CCS2Send
  L_loopFZinSWs
  L_longjmp7
  L_end___CC2D
  ___CC2D
  L_end___CC2DW
  ___CC2DW
  L_end___CA2AW
  ___CA2AW
  L_end___CCA2AW
  ___CCA2AW
  L_end___CS2S
  ___CS2S
  L_end___CCS2S
  ___CCS2S
  L_end___FZinS
  ___FZinS
  L_end_____DoIFC
  _____DoIFC
  L_end_Swap
  _Swap
  L_end_setjmp
  _setjmp
  L_end_longjmp
  _longjmp
