0	1	mikroCPIC1618.exe -MSF -DBG -pP18F4550 -GC -DL -O11111114 -fo48 -N"C:\Users\marcos.ribeiro\Dropbox\PRODUTOS\FIRMWARES - SOFTWARES\901002 - PIC BOARD\FIRMWARE\BootProg.mcppi" -SP"C:\Users\Public\Documents\Mikroelektronika\mikroC PRO for PIC\defs\" -SP"C:\Users\Public\Documents\Mikroelektronika\mikroC PRO for PIC\uses\P18\" -SP"C:\Users\marcos.ribeiro\Dropbox\PRODUTOS\FIRMWARES - SOFTWARES\901002 - PIC BOARD\FIRMWARE\" -SP"C:\Users\Marcos Ribeiro\Dropbox\PRODUTOS\FIRMWARES - SOFTWARES\901002 - PIC BOARD\Firmware\" -SP"D:\Dropbox\PRODUTOS\FIRMWARES - SOFTWARES\901002 - PIC BOARD\FIRMWARE\" -SP"C:\Users\Marcos\Downloads\BootProg 2.3\Firmware\" -SP"C:\Program Files\MikroElektronika\mikroC PRO for PIC\defs\" -SP"C:\Program Files\MikroElektronika\mikroC PRO for PIC\uses\P18\" -SP"C:\Program Files\BootProg 2\Firmware\" -SP"C:\Program Files\BootProg\firmware\" -SP"C:\Users\Tiago\Documents\MikroC PRO\Bootloader\PicuinoProg Bootloader\BootProg - firmware\" "Main.c" "USBdsc.c" "__Lib_Math.mcl" "__Lib_MathDouble.mcl" "__Lib_System.mcl" "__Lib_Delays.mcl" "__Lib_EEPROM_256.mcl" "__Lib_FLASH_w32_e64.mcl" "__Lib_USB_genHID.mcl"	 
warning: 0	1501	Specified search path does not exist: 'C:\Users\Marcos Ribeiro\Dropbox\PRODUTOS\FIRMWARES - SOFTWARES\901002 - PIC BOARD\Firmware'	 
warning: 0	1501	Specified search path does not exist: 'D:\Dropbox\PRODUTOS\FIRMWARES - SOFTWARES\901002 - PIC BOARD\FIRMWARE'	 
warning: 0	1501	Specified search path does not exist: 'C:\Users\Marcos\Downloads\BootProg 2.3\Firmware'	 
warning: 0	1501	Specified search path does not exist: 'C:\Program Files\MikroElektronika\mikroC PRO for PIC\defs'	 
warning: 0	1501	Specified search path does not exist: 'C:\Program Files\MikroElektronika\mikroC PRO for PIC\uses\P18'	 
warning: 0	1501	Specified search path does not exist: 'C:\Program Files\BootProg 2\Firmware'	 
warning: 0	1501	Specified search path does not exist: 'C:\Program Files\BootProg\firmware'	 
warning: 0	1501	Specified search path does not exist: 'C:\Users\Tiago\Documents\MikroC PRO\Bootloader\PicuinoProg Bootloader\BootProg - firmware'	 
hint: 0	1139	Available RAM: 2027 [bytes], Available ROM: 32768 [bytes]	 
diagnostics: 0	122	Compilation Started	P18F4550.c
diagnostics: 1610	123	Compiled Successfully	P18F4550.c
diagnostics: 0	122	Compilation Started	__Lib_Delays.c
diagnostics: 172	123	Compiled Successfully	__Lib_Delays.c
diagnostics: 0	122	Compilation Started	Main.c
diagnostics: 179	123	Compiled Successfully	Main.c
diagnostics: 0	122	Compilation Started	USBdsc.c
diagnostics: 166	123	Compiled Successfully	USBdsc.c
diagnostics: 0	127	All files Compiled in 531 ms	 
hint: 0	1144	Used RAM (bytes): 488 (24%)  Free RAM (bytes): 1539 (76%)	Used RAM (bytes): 488 (24%)  Free RAM (bytes): 1539 (76%)
hint: 0	1144	Used ROM (bytes): 5880 (18%)  Free ROM (bytes): 26888 (82%)	Used ROM (bytes): 5880 (18%)  Free ROM (bytes): 26888 (82%)
diagnostics: 0	125	Project Linked Successfully	BootProg.mcppi
hint: 0	1004	COFF file successfully generated	COFF file successfully generated
diagnostics: 0	128	Linked in 610 ms	 
diagnostics: 0	129	Project 'BootProg.mcppi' completed: 2344 ms	 
diagnostics: 0	103	Finished successfully: 06 fev 2015, 07:10:27	BootProg.mcppi
