;  LST file generated by mikroListExporter - v.2.0 
; Date/Time: 10/01/2015 17:55:59
;----------------------------------------------

;Address Opcode 	ASM
0x0000	0xF004EFF4  	GOTO        2536
0x0004	0x0000      	NOP
0x0006	0x0000      	NOP
0x0008	0xF000EF00  	GOTO        0
0x000C	0x0000      	NOP
0x000E	0x0000      	NOP
0x0010	0x0000      	NOP
0x0012	0x0000      	NOP
0x0014	0x0000      	NOP
0x0016	0x0000      	NOP
0x0018	0xD7F3      	BRA         0
_FIXSIGN32:
;__Lib_MathDouble.c,117 :: 		
;__Lib_MathDouble.c,121 :: 		
0x001C	0xAE0A      	BTFSS       R10, 7, 0
;__Lib_MathDouble.c,122 :: 		
0x001E	0x9E02      	BCF         R2, 7, 0
;__Lib_MathDouble.c,123 :: 		
0x0020	0x0E00      	MOVLW       0
;__Lib_MathDouble.c,125 :: 		
L_end_FIXSIGN32:
0x0022	0x0012      	RETURN      0
; end of _FIXSIGN32
_SETFOV32:
;__Lib_MathDouble.c,82 :: 		
;__Lib_MathDouble.c,90 :: 		
0x0024	0x820B      	BSF         R11, 1, 0
;__Lib_MathDouble.c,91 :: 		
0x0026	0xAE0B      	BTFSS       R11, 7, 0
;__Lib_MathDouble.c,92 :: 		
0x0028	0xF000EF1C  	GOTO        SETFOV32EEE
;__Lib_MathDouble.c,94 :: 		
0x002C	0x6803      	SETF        R3, 0
;__Lib_MathDouble.c,95 :: 		
0x002E	0x6802      	SETF        R2, 0
;__Lib_MathDouble.c,96 :: 		
0x0030	0x6801      	SETF        R1, 0
;__Lib_MathDouble.c,97 :: 		
0x0032	0x6800      	SETF        R0, 0
;__Lib_MathDouble.c,98 :: 		
0x0034	0x360A      	RLCF        R10, 1, 0
;__Lib_MathDouble.c,99 :: 		
0x0036	0x3202      	RRCF        R2, 1, 0
;__Lib_MathDouble.c,100 :: 		
SETFOV32EEE:
;__Lib_MathDouble.c,101 :: 		
0x0038	0x0EFF      	MOVLW       255
;__Lib_MathDouble.c,103 :: 		
L_end_SETFOV32:
0x003A	0x0012      	RETURN      0
; end of _SETFOV32
_SETFUN32:
;__Lib_MathDouble.c,144 :: 		
;__Lib_MathDouble.c,152 :: 		
0x003C	0x840B      	BSF         R11, 2, 0
;__Lib_MathDouble.c,153 :: 		
0x003E	0xAE0B      	BTFSS       R11, 7, 0
;__Lib_MathDouble.c,154 :: 		
0x0040	0xF000EF29  	GOTO        SETFUN32EEE
;__Lib_MathDouble.c,156 :: 		
0x0044	0x0E01      	MOVLW       1
;__Lib_MathDouble.c,157 :: 		
0x0046	0x6E03      	MOVWF       R3, 0
;__Lib_MathDouble.c,158 :: 		
0x0048	0x6A02      	CLRF        R2, 0
;__Lib_MathDouble.c,159 :: 		
0x004A	0x6A01      	CLRF        R1, 0
;__Lib_MathDouble.c,160 :: 		
0x004C	0x6A00      	CLRF        R0, 0
;__Lib_MathDouble.c,161 :: 		
0x004E	0x360A      	RLCF        R10, 1, 0
;__Lib_MathDouble.c,162 :: 		
0x0050	0x3202      	RRCF        R2, 1, 0
;__Lib_MathDouble.c,163 :: 		
SETFUN32EEE:
;__Lib_MathDouble.c,164 :: 		
0x0052	0x0EFF      	MOVLW       255
;__Lib_MathDouble.c,166 :: 		
L_end_SETFUN32:
0x0054	0x0012      	RETURN      0
; end of _SETFUN32
_RES032:
;__Lib_MathDouble.c,128 :: 		
;__Lib_MathDouble.c,134 :: 		
0x0056	0x6A02      	CLRF        R2, 0
;__Lib_MathDouble.c,135 :: 		
0x0058	0x6A01      	CLRF        R1, 0
;__Lib_MathDouble.c,136 :: 		
0x005A	0x6A00      	CLRF        R0, 0
;__Lib_MathDouble.c,137 :: 		
0x005C	0x6A08      	CLRF        R8, 0
;__Lib_MathDouble.c,138 :: 		
0x005E	0x6A03      	CLRF        R3, 0
;__Lib_MathDouble.c,139 :: 		
0x0060	0x0E00      	MOVLW       0
;__Lib_MathDouble.c,141 :: 		
L_end_RES032:
0x0062	0x0012      	RETURN      0
; end of _RES032
_Mul_32x32_FP:
;__Lib_MathDouble.c,1130 :: 		
;__Lib_MathDouble.c,1148 :: 		
0x0064	0x6A08      	CLRF        R8, 0
;__Lib_MathDouble.c,1149 :: 		
0x0066	0x6A09      	CLRF        R9, 0
;__Lib_MathDouble.c,1151 :: 		
0x0068	0x0E00      	MOVLW       0
;__Lib_MathDouble.c,1152 :: 		
0x006A	0x6207      	CPFSEQ      R7, 0
;__Lib_MathDouble.c,1153 :: 		
0x006C	0x6403      	CPFSGT      R3, 0
;__Lib_MathDouble.c,1154 :: 		
0x006E	0xF000EFB7  	GOTO        MULJPRES032
;__Lib_MathDouble.c,1157 :: 		
0x0072	0x5002      	MOVF        R2, 0, 0
;__Lib_MathDouble.c,1158 :: 		
0x0074	0x1806      	XORWF       R6, 0, 0
;__Lib_MathDouble.c,1159 :: 		
0x0076	0x6E0A      	MOVWF       R10, 0
;__Lib_MathDouble.c,1161 :: 		
0x0078	0x5007      	MOVF        R7, 0, 0
;__Lib_MathDouble.c,1162 :: 		
0x007A	0x2603      	ADDWF       R3, 1, 0
;__Lib_MathDouble.c,1163 :: 		
0x007C	0x0E7E      	MOVLW       126
;__Lib_MathDouble.c,1164 :: 		
0x007E	0xA0D8      	BTFSS       STATUS, 0, 0
;__Lib_MathDouble.c,1165 :: 		
0x0080	0xF000EF48  	GOTO        MTUN32
;__Lib_MathDouble.c,1167 :: 		
0x0084	0x5E03      	SUBWF       R3, 1, 0
;__Lib_MathDouble.c,1168 :: 		
0x0086	0xB0D8      	BTFSC       STATUS, 0, 0
;__Lib_MathDouble.c,1169 :: 		
0x0088	0xF000EFBB  	GOTO        MULJPSETFOV32
;__Lib_MathDouble.c,1170 :: 		
0x008C	0xF000EF4C  	GOTO        MOK32
;__Lib_MathDouble.c,1172 :: 		
MTUN32:
;__Lib_MathDouble.c,1173 :: 		
0x0090	0x5E03      	SUBWF       R3, 1, 0
;__Lib_MathDouble.c,1174 :: 		
0x0092	0xA0D8      	BTFSS       STATUS, 0, 0
;__Lib_MathDouble.c,1175 :: 		
0x0094	0xF000EFBF  	GOTO        MULJPSETFUN32
;__Lib_MathDouble.c,1177 :: 		
MOK32:
;__Lib_MathDouble.c,1178 :: 		
0x0098	0x8E02      	BSF         R2, 7, 0
;__Lib_MathDouble.c,1179 :: 		
0x009A	0x8E06      	BSF         R6, 7, 0
;__Lib_MathDouble.c,1181 :: 		
0x009C	0xF00EC002  	MOVFF       R2, R14
;__Lib_MathDouble.c,1182 :: 		
0x00A0	0xF00BC001  	MOVFF       R1, R11
;__Lib_MathDouble.c,1183 :: 		
0x00A4	0xF00DC000  	MOVFF       R0, R13
;__Lib_MathDouble.c,1185 :: 		
0x00A8	0x5000      	MOVF        R0, 0, 0
;__Lib_MathDouble.c,1186 :: 		
0x00AA	0x0204      	MULWF       R4, 0
;__Lib_MathDouble.c,1187 :: 		
0x00AC	0xF00CCFF4  	MOVFF       PRODH, R12
;__Lib_MathDouble.c,1189 :: 		
0x00B0	0x5001      	MOVF        R1, 0, 0
;__Lib_MathDouble.c,1190 :: 		
0x00B2	0x0205      	MULWF       R5, 0
;__Lib_MathDouble.c,1191 :: 		
0x00B4	0xF000CFF4  	MOVFF       PRODH, R0
;__Lib_MathDouble.c,1192 :: 		
0x00B8	0xF008CFF3  	MOVFF       PRODL, R8
;__Lib_MathDouble.c,1194 :: 		
0x00BC	0x0204      	MULWF       R4, 0
;__Lib_MathDouble.c,1195 :: 		
0x00BE	0x50F3      	MOVF        PRODL, 0, 0
;__Lib_MathDouble.c,1196 :: 		
0x00C0	0x260C      	ADDWF       R12, 1, 0
;__Lib_MathDouble.c,1197 :: 		
0x00C2	0x50F4      	MOVF        PRODH, 0, 0
;__Lib_MathDouble.c,1198 :: 		
0x00C4	0x2208      	ADDWFC      R8, 1, 0
;__Lib_MathDouble.c,1199 :: 		
0x00C6	0x0E00      	MOVLW       0
;__Lib_MathDouble.c,1200 :: 		
0x00C8	0x2200      	ADDWFC      R0, 1, 0
;__Lib_MathDouble.c,1202 :: 		
0x00CA	0x500D      	MOVF        R13, 0, 0
;__Lib_MathDouble.c,1203 :: 		
0x00CC	0x0205      	MULWF       R5, 0
;__Lib_MathDouble.c,1204 :: 		
0x00CE	0x50F3      	MOVF        PRODL, 0, 0
;__Lib_MathDouble.c,1205 :: 		
0x00D0	0x260C      	ADDWF       R12, 1, 0
;__Lib_MathDouble.c,1206 :: 		
0x00D2	0x50F4      	MOVF        PRODH, 0, 0
;__Lib_MathDouble.c,1207 :: 		
0x00D4	0x2208      	ADDWFC      R8, 1, 0
;__Lib_MathDouble.c,1208 :: 		
0x00D6	0x0E00      	MOVLW       0
;__Lib_MathDouble.c,1209 :: 		
0x00D8	0x2200      	ADDWFC      R0, 1, 0
;__Lib_MathDouble.c,1211 :: 		
0x00DA	0x5002      	MOVF        R2, 0, 0
;__Lib_MathDouble.c,1212 :: 		
0x00DC	0x0204      	MULWF       R4, 0
;__Lib_MathDouble.c,1213 :: 		
0x00DE	0x50F3      	MOVF        PRODL, 0, 0
;__Lib_MathDouble.c,1214 :: 		
0x00E0	0x2608      	ADDWF       R8, 1, 0
;__Lib_MathDouble.c,1215 :: 		
0x00E2	0x50F4      	MOVF        PRODH, 0, 0
;__Lib_MathDouble.c,1216 :: 		
0x00E4	0x2200      	ADDWFC      R0, 1, 0
;__Lib_MathDouble.c,1217 :: 		
0x00E6	0x5002      	MOVF        R2, 0, 0
;__Lib_MathDouble.c,1218 :: 		
0x00E8	0x0205      	MULWF       R5, 0
;__Lib_MathDouble.c,1219 :: 		
0x00EA	0x6A01      	CLRF        R1, 0
;__Lib_MathDouble.c,1220 :: 		
0x00EC	0x0E00      	MOVLW       0
;__Lib_MathDouble.c,1221 :: 		
0x00EE	0x2201      	ADDWFC      R1, 1, 0
;__Lib_MathDouble.c,1222 :: 		
0x00F0	0x50F3      	MOVF        PRODL, 0, 0
;__Lib_MathDouble.c,1223 :: 		
0x00F2	0x2600      	ADDWF       R0, 1, 0
;__Lib_MathDouble.c,1224 :: 		
0x00F4	0x50F4      	MOVF        PRODH, 0, 0
;__Lib_MathDouble.c,1225 :: 		
0x00F6	0x2201      	ADDWFC      R1, 1, 0
;__Lib_MathDouble.c,1227 :: 		
0x00F8	0x500D      	MOVF        R13, 0, 0
;__Lib_MathDouble.c,1228 :: 		
0x00FA	0x0206      	MULWF       R6, 0
;__Lib_MathDouble.c,1229 :: 		
0x00FC	0x50F3      	MOVF        PRODL, 0, 0
;__Lib_MathDouble.c,1230 :: 		
0x00FE	0x2608      	ADDWF       R8, 1, 0
;__Lib_MathDouble.c,1231 :: 		
0x0100	0x50F4      	MOVF        PRODH, 0, 0
;__Lib_MathDouble.c,1232 :: 		
0x0102	0x2200      	ADDWFC      R0, 1, 0
;__Lib_MathDouble.c,1233 :: 		
0x0104	0x6A02      	CLRF        R2, 0
;__Lib_MathDouble.c,1234 :: 		
0x0106	0x0E00      	MOVLW       0
;__Lib_MathDouble.c,1235 :: 		
0x0108	0x2201      	ADDWFC      R1, 1, 0
;__Lib_MathDouble.c,1236 :: 		
0x010A	0x2202      	ADDWFC      R2, 1, 0
;__Lib_MathDouble.c,1238 :: 		
0x010C	0x500B      	MOVF        R11, 0, 0
;__Lib_MathDouble.c,1239 :: 		
0x010E	0x0206      	MULWF       R6, 0
;__Lib_MathDouble.c,1240 :: 		
0x0110	0x50F3      	MOVF        PRODL, 0, 0
;__Lib_MathDouble.c,1241 :: 		
0x0112	0x2600      	ADDWF       R0, 1, 0
;__Lib_MathDouble.c,1242 :: 		
0x0114	0x50F4      	MOVF        PRODH, 0, 0
;__Lib_MathDouble.c,1243 :: 		
0x0116	0x2201      	ADDWFC      R1, 1, 0
;__Lib_MathDouble.c,1244 :: 		
0x0118	0x0E00      	MOVLW       0
;__Lib_MathDouble.c,1245 :: 		
0x011A	0x2202      	ADDWFC      R2, 1, 0
;__Lib_MathDouble.c,1247 :: 		
0x011C	0x500E      	MOVF        R14, 0, 0
;__Lib_MathDouble.c,1248 :: 		
0x011E	0x0206      	MULWF       R6, 0
;__Lib_MathDouble.c,1249 :: 		
0x0120	0x50F3      	MOVF        PRODL, 0, 0
;__Lib_MathDouble.c,1250 :: 		
0x0122	0x2601      	ADDWF       R1, 1, 0
;__Lib_MathDouble.c,1251 :: 		
0x0124	0x50F4      	MOVF        PRODH, 0, 0
;__Lib_MathDouble.c,1252 :: 		
0x0126	0x2202      	ADDWFC      R2, 1, 0
;__Lib_MathDouble.c,1254 :: 		
0x0128	0xBE02      	BTFSC       R2, 7, 0
;__Lib_MathDouble.c,1255 :: 		
0x012A	0xF000EF9F  	GOTO        MROUND32
;__Lib_MathDouble.c,1256 :: 		
0x012E	0x3608      	RLCF        R8, 1, 0
;__Lib_MathDouble.c,1257 :: 		
0x0130	0x3600      	RLCF        R0, 1, 0
;__Lib_MathDouble.c,1258 :: 		
0x0132	0x3601      	RLCF        R1, 1, 0
;__Lib_MathDouble.c,1259 :: 		
0x0134	0x3602      	RLCF        R2, 1, 0
;__Lib_MathDouble.c,1260 :: 		
0x0136	0x0603      	DECF        R3, 1, 0
;__Lib_MathDouble.c,1261 :: 		
0x0138	0xB4D8      	BTFSC       STATUS, 2, 0
;__Lib_MathDouble.c,1262 :: 		
0x013A	0xF000EFBF  	GOTO        MULJPSETFUN32
;__Lib_MathDouble.c,1264 :: 		
MROUND32:
;__Lib_MathDouble.c,1267 :: 		
0x013E	0xF000EFB2  	GOTO        MUL32OK
;__Lib_MathDouble.c,1268 :: 		
0x0142	0x80D8      	BSF         STATUS, 0, 0
;__Lib_MathDouble.c,1269 :: 		
0x0144	0x0E80      	MOVLW       128
;__Lib_MathDouble.c,1270 :: 		
0x0146	0x6408      	CPFSGT      R8, 0
;__Lib_MathDouble.c,1271 :: 		
0x0148	0x3000      	RRCF        R0, 0, 0
;__Lib_MathDouble.c,1272 :: 		
0x014A	0x0E00      	MOVLW       0
;__Lib_MathDouble.c,1273 :: 		
0x014C	0x2200      	ADDWFC      R0, 1, 0
;__Lib_MathDouble.c,1274 :: 		
0x014E	0x2201      	ADDWFC      R1, 1, 0
;__Lib_MathDouble.c,1275 :: 		
0x0150	0x2202      	ADDWFC      R2, 1, 0
;__Lib_MathDouble.c,1277 :: 		
0x0152	0xA0D8      	BTFSS       STATUS, 0, 0
;__Lib_MathDouble.c,1278 :: 		
0x0154	0xF000EFB2  	GOTO        MUL32OK
;__Lib_MathDouble.c,1279 :: 		
0x0158	0x3202      	RRCF        R2, 1, 0
;__Lib_MathDouble.c,1280 :: 		
0x015A	0x3201      	RRCF        R1, 1, 0
;__Lib_MathDouble.c,1281 :: 		
0x015C	0x3200      	RRCF        R0, 1, 0
;__Lib_MathDouble.c,1282 :: 		
0x015E	0x4A03      	INFSNZ      R3, 1, 0
;__Lib_MathDouble.c,1283 :: 		
0x0160	0xF000EFBB  	GOTO        MULJPSETFOV32
;__Lib_MathDouble.c,1285 :: 		
MUL32OK:
;__Lib_MathDouble.c,1286 :: 		
0x0164	0xAE0A      	BTFSS       R10, 7, 0
;__Lib_MathDouble.c,1287 :: 		
0x0166	0x9E02      	BCF         R2, 7, 0
;__Lib_MathDouble.c,1289 :: 		
0x0168	0x0E00      	MOVLW       0
;__Lib_MathDouble.c,1290 :: 		
0x016A	0xF000EFC1  	GOTO        MULEEE
;__Lib_MathDouble.c,1291 :: 		
MULJPRES032:
;__Lib_MathDouble.c,1292 :: 		
0x016E	0x0E01      	MOVLW       1
;__Lib_MathDouble.c,1295 :: 		
0x0170	0xDF72      	RCALL       _RES032
;__Lib_MathDouble.c,1297 :: 		
0x0172	0xF000EFC1  	GOTO        MULEEE
;__Lib_MathDouble.c,1298 :: 		
MULJPSETFOV32:
;__Lib_MathDouble.c,1299 :: 		
0x0176	0x0E02      	MOVLW       2
;__Lib_MathDouble.c,1302 :: 		
0x0178	0xDF55      	RCALL       _SETFOV32
;__Lib_MathDouble.c,1304 :: 		
0x017A	0xF000EFC1  	GOTO        MULEEE
;__Lib_MathDouble.c,1305 :: 		
MULJPSETFUN32:
;__Lib_MathDouble.c,1306 :: 		
0x017E	0x0E04      	MOVLW       4
;__Lib_MathDouble.c,1309 :: 		
0x0180	0xDF5D      	RCALL       _SETFUN32
;__Lib_MathDouble.c,1311 :: 		
MULEEE:
;__Lib_MathDouble.c,1318 :: 		
L_end_Mul_32x32_FP:
0x0182	0x0012      	RETURN      0
; end of _Mul_32x32_FP
_Delay_22us:
;__Lib_Delays.c,15 :: 		void Delay_22us() {
;__Lib_Delays.c,16 :: 		Delay_us(22);
0x0184	0x0E57      	MOVLW       87
0x0186	0x6E0D      	MOVWF       R13, 0
L_Delay_22us2:
0x0188	0x2E0D      	DECFSZ      R13, 1, 0
0x018A	0xD7FE      	BRA         L_Delay_22us2
0x018C	0x0000      	NOP
0x018E	0x0000      	NOP
;__Lib_Delays.c,17 :: 		}
L_end_Delay_22us:
0x0190	0x0012      	RETURN      0
; end of _Delay_22us
_SETFDZ32:
;__Lib_MathDouble.c,106 :: 		
;__Lib_MathDouble.c,110 :: 		
0x0192	0x6A0B      	CLRF        R11, 0
;__Lib_MathDouble.c,111 :: 		
0x0194	0x860B      	BSF         R11, 3, 0
;__Lib_MathDouble.c,112 :: 		
0x0196	0x0EFF      	MOVLW       255
;__Lib_MathDouble.c,114 :: 		
L_end_SETFDZ32:
0x0198	0x0012      	RETURN      0
; end of _SETFDZ32
_UART1_Write:
;__Lib_UART_c67.c,58 :: 		
;__Lib_UART_c67.c,59 :: 		
L_UART1_Write3:
0x019A	0xB2AC      	BTFSC       TXSTA, 1 
0x019C	0xD002      	BRA         L_UART1_Write4
;__Lib_UART_c67.c,60 :: 		
0x019E	0x0000      	NOP
0x01A0	0xD7FC      	BRA         L_UART1_Write3
L_UART1_Write4:
;__Lib_UART_c67.c,61 :: 		
0x01A2	0xFFADC055  	MOVFF       FARG_UART1_Write_data_, TXREG
;__Lib_UART_c67.c,62 :: 		
L_end_UART1_Write:
0x01A6	0x0012      	RETURN      0
; end of _UART1_Write
_Div_8x8_U:
;__Lib_Math.c,77 :: 		
;__Lib_Math.c,84 :: 		
0x01A8	0x6A08      	CLRF        R8, 0
;__Lib_Math.c,85 :: 		
0x01AA	0x0E08      	MOVLW       8
;__Lib_Math.c,86 :: 		
0x01AC	0x6E0C      	MOVWF       R12, 0
;__Lib_Math.c,87 :: 		
0x01AE	0x3400      	RLCF        R0, 0, 0
;__Lib_Math.c,88 :: 		
0x01B0	0x3608      	RLCF        R8, 1, 0
;__Lib_Math.c,89 :: 		
0x01B2	0x5004      	MOVF        R4, 0, 0
;__Lib_Math.c,90 :: 		
0x01B4	0x5E08      	SUBWF       R8, 1, 0
;__Lib_Math.c,91 :: 		
0x01B6	0xB0D8      	BTFSC       STATUS, 0, 0
;__Lib_Math.c,92 :: 		
0x01B8	0xD002      	BRA         $+6
;__Lib_Math.c,93 :: 		
0x01BA	0x2608      	ADDWF       R8, 1, 0
;__Lib_Math.c,94 :: 		
0x01BC	0x90D8      	BCF         STATUS, 0, 0
;__Lib_Math.c,95 :: 		
0x01BE	0x3600      	RLCF        R0, 1, 0
;__Lib_Math.c,96 :: 		
0x01C0	0x2E0C      	DECFSZ      R12, 1, 0
;__Lib_Math.c,97 :: 		
0x01C2	0xD7F5      	BRA         $-20
;__Lib_Math.c,99 :: 		
L_end_Div_8x8_U:
0x01C4	0x0012      	RETURN      0
; end of _Div_8x8_U
_Compare_Double:
;__Lib_MathDouble.c,2518 :: 		
;__Lib_MathDouble.c,2529 :: 		
0x01C6	0x6A0A      	CLRF        R10, 0
;__Lib_MathDouble.c,2530 :: 		
0x01C8	0x5003      	MOVF        R3, 0, 0
;__Lib_MathDouble.c,2531 :: 		
0x01CA	0xA4D8      	BTFSS       STATUS, 2, 0
;__Lib_MathDouble.c,2532 :: 		
0x01CC	0x800A      	BSF         R10, 0, 0
;__Lib_MathDouble.c,2533 :: 		
0x01CE	0x5007      	MOVF        R7, 0, 0
;__Lib_MathDouble.c,2534 :: 		
0x01D0	0xA4D8      	BTFSS       STATUS, 2, 0
;__Lib_MathDouble.c,2535 :: 		
0x01D2	0x820A      	BSF         R10, 1, 0
;__Lib_MathDouble.c,2537 :: 		
0x01D4	0x500A      	MOVF        R10, 0, 0
;__Lib_MathDouble.c,2538 :: 		
0x01D6	0xB4D8      	BTFSC       STATUS, 2, 0
;__Lib_MathDouble.c,2539 :: 		
0x01D8	0xF001EF46  	GOTO        COMPARE_EQU
;__Lib_MathDouble.c,2540 :: 		
0x01DC	0x0A03      	XORLW       3
;__Lib_MathDouble.c,2541 :: 		
0x01DE	0xB4D8      	BTFSC       STATUS, 2, 0
;__Lib_MathDouble.c,2542 :: 		
0x01E0	0xF000EFFF  	GOTO        COMPARE_NOTZERO
;__Lib_MathDouble.c,2544 :: 		
0x01E4	0xB00A      	BTFSC       R10, 0, 0
;__Lib_MathDouble.c,2545 :: 		
0x01E6	0xF000EFFA  	GOTO        COMPARE_XNOTZERO
;__Lib_MathDouble.c,2547 :: 		
0x01EA	0xAE06      	BTFSS       R6, 7, 0
;__Lib_MathDouble.c,2548 :: 		
0x01EC	0xF001EF44  	GOTO        COMPARE_LT
;__Lib_MathDouble.c,2549 :: 		
0x01F0	0xF001EF42  	GOTO        COMPARE_GT
;__Lib_MathDouble.c,2550 :: 		
COMPARE_XNOTZERO:
;__Lib_MathDouble.c,2551 :: 		
0x01F4	0xAE02      	BTFSS       R2, 7, 0
;__Lib_MathDouble.c,2552 :: 		
0x01F6	0xF001EF42  	GOTO        COMPARE_GT
;__Lib_MathDouble.c,2553 :: 		
0x01FA	0xF001EF44  	GOTO        COMPARE_LT
;__Lib_MathDouble.c,2555 :: 		
COMPARE_NOTZERO:
;__Lib_MathDouble.c,2556 :: 		
0x01FE	0x5002      	MOVF        R2, 0, 0
;__Lib_MathDouble.c,2557 :: 		
0x0200	0x0B80      	ANDLW       128
;__Lib_MathDouble.c,2558 :: 		
0x0202	0x6E0A      	MOVWF       R10, 0
;__Lib_MathDouble.c,2559 :: 		
0x0204	0x9E02      	BCF         R2, 7, 0
;__Lib_MathDouble.c,2561 :: 		
0x0206	0x5006      	MOVF        R6, 0, 0
;__Lib_MathDouble.c,2562 :: 		
0x0208	0x0B80      	ANDLW       128
;__Lib_MathDouble.c,2563 :: 		
0x020A	0x9E06      	BCF         R6, 7, 0
;__Lib_MathDouble.c,2565 :: 		
0x020C	0x180A      	XORWF       R10, 0, 0
;__Lib_MathDouble.c,2566 :: 		
0x020E	0xB4D8      	BTFSC       STATUS, 2, 0
;__Lib_MathDouble.c,2567 :: 		
0x0210	0xF001EF10  	GOTO        COMPARE_TESTALL
;__Lib_MathDouble.c,2569 :: 		
0x0214	0x500A      	MOVF        R10, 0, 0
;__Lib_MathDouble.c,2570 :: 		
0x0216	0xB4D8      	BTFSC       STATUS, 2, 0
;__Lib_MathDouble.c,2571 :: 		
0x0218	0xF001EF42  	GOTO        COMPARE_GT
;__Lib_MathDouble.c,2572 :: 		
0x021C	0xF001EF44  	GOTO        COMPARE_LT
;__Lib_MathDouble.c,2574 :: 		
COMPARE_TESTALL:
;__Lib_MathDouble.c,2575 :: 		
0x0220	0x5007      	MOVF        R7, 0, 0
;__Lib_MathDouble.c,2576 :: 		
0x0222	0x5C03      	SUBWF       R3, 0, 0
;__Lib_MathDouble.c,2577 :: 		
0x0224	0xB4D8      	BTFSC       STATUS, 2, 0
;__Lib_MathDouble.c,2578 :: 		
0x0226	0xF001EF1A  	GOTO        COMPARE_C1
;__Lib_MathDouble.c,2579 :: 		
0x022A	0xA0D8      	BTFSS       STATUS, 0, 0
;__Lib_MathDouble.c,2580 :: 		
0x022C	0xF001EF36  	GOTO        GT_FALSE
;__Lib_MathDouble.c,2581 :: 		
0x0230	0xF001EF3C  	GOTO        GT_TRUE
;__Lib_MathDouble.c,2582 :: 		
COMPARE_C1:
;__Lib_MathDouble.c,2583 :: 		
0x0234	0x5006      	MOVF        R6, 0, 0
;__Lib_MathDouble.c,2584 :: 		
0x0236	0x5C02      	SUBWF       R2, 0, 0
;__Lib_MathDouble.c,2585 :: 		
0x0238	0xB4D8      	BTFSC       STATUS, 2, 0
;__Lib_MathDouble.c,2586 :: 		
0x023A	0xF001EF24  	GOTO        COMPARE_C2
;__Lib_MathDouble.c,2587 :: 		
0x023E	0xA0D8      	BTFSS       STATUS, 0, 0
;__Lib_MathDouble.c,2588 :: 		
0x0240	0xF001EF36  	GOTO        GT_FALSE
;__Lib_MathDouble.c,2589 :: 		
0x0244	0xF001EF3C  	GOTO        GT_TRUE
;__Lib_MathDouble.c,2590 :: 		
COMPARE_C2:
;__Lib_MathDouble.c,2591 :: 		
0x0248	0x5005      	MOVF        R5, 0, 0
;__Lib_MathDouble.c,2592 :: 		
0x024A	0x5C01      	SUBWF       R1, 0, 0
;__Lib_MathDouble.c,2593 :: 		
0x024C	0xB4D8      	BTFSC       STATUS, 2, 0
;__Lib_MathDouble.c,2594 :: 		
0x024E	0xF001EF2E  	GOTO        COMPARE_C3
;__Lib_MathDouble.c,2595 :: 		
0x0252	0xA0D8      	BTFSS       STATUS, 0, 0
;__Lib_MathDouble.c,2596 :: 		
0x0254	0xF001EF36  	GOTO        GT_FALSE
;__Lib_MathDouble.c,2597 :: 		
0x0258	0xF001EF3C  	GOTO        GT_TRUE
;__Lib_MathDouble.c,2598 :: 		
COMPARE_C3:
;__Lib_MathDouble.c,2599 :: 		
0x025C	0x5004      	MOVF        R4, 0, 0
;__Lib_MathDouble.c,2600 :: 		
0x025E	0x5C00      	SUBWF       R0, 0, 0
;__Lib_MathDouble.c,2601 :: 		
0x0260	0xB4D8      	BTFSC       STATUS, 2, 0
;__Lib_MathDouble.c,2602 :: 		
0x0262	0xF001EF46  	GOTO        COMPARE_EQU
;__Lib_MathDouble.c,2603 :: 		
0x0266	0xB0D8      	BTFSC       STATUS, 0, 0
;__Lib_MathDouble.c,2604 :: 		
0x0268	0xF001EF3C  	GOTO        GT_TRUE
;__Lib_MathDouble.c,2606 :: 		
GT_FALSE:
;__Lib_MathDouble.c,2607 :: 		
0x026C	0x520A      	MOVF        R10, 1, 0
;__Lib_MathDouble.c,2608 :: 		
0x026E	0xB4D8      	BTFSC       STATUS, 2, 0
;__Lib_MathDouble.c,2609 :: 		
0x0270	0xF001EF44  	GOTO        COMPARE_LT
;__Lib_MathDouble.c,2610 :: 		
0x0274	0xF001EF42  	GOTO        COMPARE_GT
;__Lib_MathDouble.c,2611 :: 		
GT_TRUE:
;__Lib_MathDouble.c,2612 :: 		
0x0278	0x520A      	MOVF        R10, 1, 0
;__Lib_MathDouble.c,2613 :: 		
0x027A	0xB4D8      	BTFSC       STATUS, 2, 0
;__Lib_MathDouble.c,2614 :: 		
0x027C	0xF001EF42  	GOTO        COMPARE_GT
;__Lib_MathDouble.c,2615 :: 		
0x0280	0xF001EF44  	GOTO        COMPARE_LT
;__Lib_MathDouble.c,2617 :: 		
COMPARE_GT:
;__Lib_MathDouble.c,2620 :: 		
0x0284	0x80D8      	BSF         STATUS, 0, 0
;__Lib_MathDouble.c,2621 :: 		
0x0286	0x0012      	RETURN      0
;__Lib_MathDouble.c,2622 :: 		
COMPARE_LT:
;__Lib_MathDouble.c,2625 :: 		
0x0288	0x90D8      	BCF         STATUS, 0, 0
;__Lib_MathDouble.c,2626 :: 		
0x028A	0x0012      	RETURN      0
;__Lib_MathDouble.c,2627 :: 		
COMPARE_EQU:
;__Lib_MathDouble.c,2630 :: 		
0x028C	0x80D8      	BSF         STATUS, 0, 0
;__Lib_MathDouble.c,2631 :: 		
0x028E	0x84D8      	BSF         STATUS, 2, 0
;__Lib_MathDouble.c,2632 :: 		
0x0290	0x0012      	RETURN      0
;__Lib_MathDouble.c,2634 :: 		
L_end_Compare_Double:
0x0292	0x0012      	RETURN      0
; end of _Compare_Double
_strcpy:
;__Lib_CString.c,133 :: 		
;__Lib_CString.c,136 :: 		
0x0294	0xF004C055  	MOVFF       FARG_strcpy_to, R4
0x0298	0xF005C056  	MOVFF       FARG_strcpy_to+1, R5
;__Lib_CString.c,137 :: 		
L_strcpy34:
0x029C	0xF002C004  	MOVFF       R4, R2
0x02A0	0xF003C005  	MOVFF       R5, R3
0x02A4	0x4A04      	INFSNZ      R4, 1 
0x02A6	0x2A05      	INCF        R5, 1 
0x02A8	0xF000C057  	MOVFF       FARG_strcpy_from, R0
0x02AC	0xF001C058  	MOVFF       FARG_strcpy_from+1, R1
0x02B0	0x4A57      	INFSNZ      FARG_strcpy_from, 1 
0x02B2	0x2A58      	INCF        FARG_strcpy_from+1, 1 
0x02B4	0xFFE9C000  	MOVFF       R0, FSR0L
0x02B8	0xFFEAC001  	MOVFF       R1, FSR0H
0x02BC	0xFFE1C002  	MOVFF       R2, FSR1L
0x02C0	0xFFE2C003  	MOVFF       R3, FSR1H
0x02C4	0xFFE6CFEE  	MOVFF       POSTINC0, POSTINC1
0x02C8	0xFFE9C002  	MOVFF       R2, FSR0L
0x02CC	0xFFEAC003  	MOVFF       R3, FSR0H
0x02D0	0x52EE      	MOVF        POSTINC0, 1 
0x02D2	0xE001      	BZ          L_strcpy35
;__Lib_CString.c,138 :: 		
0x02D4	0xD7E3      	BRA         L_strcpy34
L_strcpy35:
;__Lib_CString.c,139 :: 		
0x02D6	0xF000C055  	MOVFF       FARG_strcpy_to, R0
0x02DA	0xF001C056  	MOVFF       FARG_strcpy_to+1, R1
;__Lib_CString.c,140 :: 		
L_end_strcpy:
0x02DE	0x0012      	RETURN      0
; end of _strcpy
_NRM3232:
;__Lib_MathDouble.c,455 :: 		
;__Lib_MathDouble.c,463 :: 		
0x02E0	0x6A0C      	CLRF        R12, 0
;__Lib_MathDouble.c,464 :: 		
0x02E2	0x6A0E      	CLRF        R14, 0
;__Lib_MathDouble.c,465 :: 		
0x02E4	0x5002      	MOVF        R2, 0, 0
;__Lib_MathDouble.c,466 :: 		
0x02E6	0xA4D8      	BTFSS       STATUS, 2, 0
;__Lib_MathDouble.c,467 :: 		
0x02E8	0xF001EF89  	GOTO        NORM3232
;__Lib_MathDouble.c,468 :: 		
0x02EC	0xF002C001  	MOVFF       R1, R2
;__Lib_MathDouble.c,469 :: 		
0x02F0	0xF001C000  	MOVFF       R0, R1
;__Lib_MathDouble.c,470 :: 		
0x02F4	0x6A00      	CLRF        R0, 0
;__Lib_MathDouble.c,471 :: 		
0x02F6	0x860E      	BSF         R14, 3, 0
;__Lib_MathDouble.c,473 :: 		
0x02F8	0x5002      	MOVF        R2, 0, 0
;__Lib_MathDouble.c,474 :: 		
0x02FA	0xA4D8      	BTFSS       STATUS, 2, 0
;__Lib_MathDouble.c,475 :: 		
0x02FC	0xF001EF89  	GOTO        NORM3232
;__Lib_MathDouble.c,476 :: 		
0x0300	0xF002C001  	MOVFF       R1, R2
;__Lib_MathDouble.c,477 :: 		
0x0304	0x6A01      	CLRF        R1, 0
;__Lib_MathDouble.c,478 :: 		
0x0306	0x960E      	BCF         R14, 3, 0
;__Lib_MathDouble.c,479 :: 		
0x0308	0x880E      	BSF         R14, 4, 0
;__Lib_MathDouble.c,481 :: 		
0x030A	0x5002      	MOVF        R2, 0, 0
;__Lib_MathDouble.c,482 :: 		
0x030C	0xB4D8      	BTFSC       STATUS, 2, 0
;__Lib_MathDouble.c,483 :: 		
0x030E	0xF001EF9B  	GOTO        JPNRES032
;__Lib_MathDouble.c,484 :: 		
NORM3232:
;__Lib_MathDouble.c,485 :: 		
0x0312	0x500E      	MOVF        R14, 0, 0
;__Lib_MathDouble.c,486 :: 		
0x0314	0x5E03      	SUBWF       R3, 1, 0
;__Lib_MathDouble.c,487 :: 		
0x0316	0xA4D8      	BTFSS       STATUS, 2, 0
;__Lib_MathDouble.c,488 :: 		
0x0318	0xA0D8      	BTFSS       STATUS, 0, 0
;__Lib_MathDouble.c,489 :: 		
0x031A	0xF001EFA0  	GOTO        JPNSETFUN32
;__Lib_MathDouble.c,490 :: 		
0x031E	0x90D8      	BCF         STATUS, 0, 0
;__Lib_MathDouble.c,491 :: 		
NORM3232A:
;__Lib_MathDouble.c,492 :: 		
0x0320	0xBE02      	BTFSC       R2, 7, 0
;__Lib_MathDouble.c,493 :: 		
0x0322	0xF001EFA5  	GOTO        JMPNFIXSIGN32
;__Lib_MathDouble.c,494 :: 		
0x0326	0x3600      	RLCF        R0, 1, 0
;__Lib_MathDouble.c,495 :: 		
0x0328	0x3601      	RLCF        R1, 1, 0
;__Lib_MathDouble.c,496 :: 		
0x032A	0x3602      	RLCF        R2, 1, 0
;__Lib_MathDouble.c,497 :: 		
0x032C	0x2E03      	DECFSZ      R3, 1, 0
;__Lib_MathDouble.c,498 :: 		
0x032E	0xF001EF90  	GOTO        NORM3232A
;__Lib_MathDouble.c,499 :: 		
0x0332	0xF001EFA0  	GOTO        JPNSETFUN32
;__Lib_MathDouble.c,500 :: 		
JPNRES032:
;__Lib_MathDouble.c,501 :: 		
0x0336	0x0E01      	MOVLW       1
;__Lib_MathDouble.c,502 :: 		
0x0338	0x6E0C      	MOVWF       R12, 0
;__Lib_MathDouble.c,504 :: 		
0x033A	0xDE8D      	RCALL       _RES032
;__Lib_MathDouble.c,506 :: 		
0x033C	0xF001EFA8  	GOTO        NORM32EEE
;__Lib_MathDouble.c,507 :: 		
JPNSETFUN32:
;__Lib_MathDouble.c,508 :: 		
0x0340	0x0E02      	MOVLW       2
;__Lib_MathDouble.c,509 :: 		
0x0342	0x6E0C      	MOVWF       R12, 0
;__Lib_MathDouble.c,511 :: 		
0x0344	0xDE7B      	RCALL       _SETFUN32
;__Lib_MathDouble.c,513 :: 		
0x0346	0xF001EFA8  	GOTO        NORM32EEE
;__Lib_MathDouble.c,514 :: 		
JMPNFIXSIGN32:
;__Lib_MathDouble.c,515 :: 		
0x034A	0x0E04      	MOVLW       4
;__Lib_MathDouble.c,516 :: 		
0x034C	0x6E0C      	MOVWF       R12, 0
;__Lib_MathDouble.c,518 :: 		
0x034E	0xDE66      	RCALL       _FIXSIGN32
;__Lib_MathDouble.c,520 :: 		
NORM32EEE:
;__Lib_MathDouble.c,527 :: 		
L_end_NRM3232:
0x0350	0x0012      	RETURN      0
; end of _NRM3232
_UART1_Init:
;__Lib_UART_c67.c,15 :: 		
;__Lib_UART_c67.c,18 :: 		
0x0352	0x0E9A      	MOVLW       _UART1_Write
0x0354	0x6E43      	MOVWF       _UART_Wr_Ptr 
0x0356	0x0E01      	MOVLW       hi_addr(_UART1_Write)
0x0358	0x6E44      	MOVWF       _UART_Wr_Ptr+1 
0x035A	0x0E55      	MOVLW       FARG_UART1_Write_data_
0x035C	0x6E45      	MOVWF       _UART_Wr_Ptr+2 
0x035E	0x0E00      	MOVLW       hi_addr(FARG_UART1_Write_data_)
0x0360	0x6E46      	MOVWF       _UART_Wr_Ptr+3 
;__Lib_UART_c67.c,19 :: 		
0x0362	0x0EFF      	MOVLW       _UART1_Read
0x0364	0x6E3B      	MOVWF       _UART_Rd_Ptr 
0x0366	0x0EFF      	MOVLW       hi_addr(_UART1_Read)
0x0368	0x6E3C      	MOVWF       _UART_Rd_Ptr+1 
0x036A	0x0E00      	MOVLW       0
0x036C	0x6E3D      	MOVWF       _UART_Rd_Ptr+2 
0x036E	0x0E00      	MOVLW       0
0x0370	0x6E3E      	MOVWF       _UART_Rd_Ptr+3 
;__Lib_UART_c67.c,20 :: 		
0x0372	0x0EFF      	MOVLW       _UART1_Data_Ready
0x0374	0x6E33      	MOVWF       _UART_Rdy_Ptr 
0x0376	0x0EFF      	MOVLW       hi_addr(_UART1_Data_Ready)
0x0378	0x6E34      	MOVWF       _UART_Rdy_Ptr+1 
0x037A	0x0E00      	MOVLW       0
0x037C	0x6E35      	MOVWF       _UART_Rdy_Ptr+2 
0x037E	0x0E00      	MOVLW       0
0x0380	0x6E36      	MOVWF       _UART_Rdy_Ptr+3 
;__Lib_UART_c67.c,21 :: 		
0x0382	0x0EFF      	MOVLW       _UART1_Tx_Idle
0x0384	0x6E37      	MOVWF       _UART_Tx_Idle_Ptr 
0x0386	0x0EFF      	MOVLW       hi_addr(_UART1_Tx_Idle)
0x0388	0x6E38      	MOVWF       _UART_Tx_Idle_Ptr+1 
0x038A	0x0E00      	MOVLW       0
0x038C	0x6E39      	MOVWF       _UART_Tx_Idle_Ptr+2 
0x038E	0x0E00      	MOVLW       0
0x0390	0x6E3A      	MOVWF       _UART_Tx_Idle_Ptr+3 
;__Lib_UART_c67.c,23 :: 		
0x0392	0x8AAC      	BSF         TXSTA, 5 
;__Lib_UART_c67.c,24 :: 		
0x0394	0x0E90      	MOVLW       144
0x0396	0x6EAB      	MOVWF       RCSTA 
;__Lib_UART_c67.c,25 :: 		
0x0398	0x8E94      	BSF         TRISC7_bit, BitPos(TRISC7_bit+0) 
;__Lib_UART_c67.c,26 :: 		
0x039A	0x9C94      	BCF         TRISC6_bit, BitPos(TRISC6_bit+0) 
;__Lib_UART_c67.c,28 :: 		
L_UART1_Init0:
0x039C	0xAA9E      	BTFSS       PIR1, 5 
0x039E	0xD003      	BRA         L_UART1_Init1
;__Lib_UART_c67.c,29 :: 		
0x03A0	0xF000CFAE  	MOVFF       RCREG, R0
0x03A4	0xD7FB      	BRA         L_UART1_Init0
L_UART1_Init1:
;__Lib_UART_c67.c,30 :: 		
L_end_UART1_Init:
0x03A6	0x0012      	RETURN      0
; end of _UART1_Init
_ADC_Read:
;__Lib_ADC_A_D.c,35 :: 		
;__Lib_ADC_A_D.c,38 :: 		
0x03A8	0x6AC2      	CLRF        ADCON0 
;__Lib_ADC_A_D.c,39 :: 		
0x03AA	0x0E07      	MOVLW       7
0x03AC	0x12C0      	IORWF       ADCON2, 1 
;__Lib_ADC_A_D.c,40 :: 		
0x03AE	0x8EC0      	BSF         ADCON2, 7 
;__Lib_ADC_A_D.c,41 :: 		
0x03B0	0xF000C047  	MOVFF       FARG_ADC_Read_channel, R0
0x03B4	0x3600      	RLCF        R0, 1 
0x03B6	0x9000      	BCF         R0, 0 
0x03B8	0x3600      	RLCF        R0, 1 
0x03BA	0x9000      	BCF         R0, 0 
0x03BC	0x5000      	MOVF        R0, 0 
0x03BE	0x12C2      	IORWF       ADCON0, 1 
;__Lib_ADC_A_D.c,42 :: 		
0x03C0	0x80C2      	BSF         ADCON0, 0 
;__Lib_ADC_A_D.c,43 :: 		
0x03C2	0xDEE0      	RCALL       _Delay_22us
;__Lib_ADC_A_D.c,44 :: 		
0x03C4	0x82C2      	BSF         ADCON0, 1 
;__Lib_ADC_A_D.c,45 :: 		
L_ADC_Read2:
0x03C6	0xA2C2      	BTFSS       ADCON0, 1 
0x03C8	0xD001      	BRA         L_ADC_Read3
;__Lib_ADC_A_D.c,46 :: 		
0x03CA	0xD7FD      	BRA         L_ADC_Read2
L_ADC_Read3:
;__Lib_ADC_A_D.c,47 :: 		
0x03CC	0xF001CFC4  	MOVFF       ADRESH, R1
0x03D0	0x6A00      	CLRF        R0 
;__Lib_ADC_A_D.c,48 :: 		
0x03D2	0x50C3      	MOVF        ADRESL, 0 
0x03D4	0x1200      	IORWF       R0, 1 
0x03D6	0x0E00      	MOVLW       0
0x03D8	0x1201      	IORWF       R1, 1 
;__Lib_ADC_A_D.c,49 :: 		
0x03DA	0x90C2      	BCF         ADCON0, 0 
;__Lib_ADC_A_D.c,51 :: 		
;__Lib_ADC_A_D.c,52 :: 		
L_end_ADC_Read:
0x03DC	0x0012      	RETURN      0
; end of _ADC_Read
_ADC_Init:
;__Lib_ADC_A_D.c,6 :: 		
;__Lib_ADC_A_D.c,7 :: 		
0x03DE	0x0EFF      	MOVLW       _ADC_Get_Sample
0x03E0	0x6E1F      	MOVWF       _ADC_Get_Sample_Ptr 
0x03E2	0x0EFF      	MOVLW       hi_addr(_ADC_Get_Sample)
0x03E4	0x6E20      	MOVWF       _ADC_Get_Sample_Ptr+1 
0x03E6	0x0EFF      	MOVLW       FARG_ADC_Get_Sample_channel
0x03E8	0x6E21      	MOVWF       _ADC_Get_Sample_Ptr+2 
0x03EA	0x0EFF      	MOVLW       hi_addr(FARG_ADC_Get_Sample_channel)
0x03EC	0x6E22      	MOVWF       _ADC_Get_Sample_Ptr+3 
;__Lib_ADC_A_D.c,9 :: 		
0x03EE	0x6AC2      	CLRF        ADCON0 
;__Lib_ADC_A_D.c,10 :: 		
0x03F0	0x0E07      	MOVLW       7
0x03F2	0x12C0      	IORWF       ADCON2, 1 
;__Lib_ADC_A_D.c,11 :: 		
0x03F4	0x8EC0      	BSF         ADCON2, 7 
;__Lib_ADC_A_D.c,12 :: 		
0x03F6	0x80C2      	BSF         ADCON0, 0 
;__Lib_ADC_A_D.c,13 :: 		
L_end_ADC_Init:
0x03F8	0x0012      	RETURN      0
; end of _ADC_Init
_Word2Double:
;__Lib_MathDouble.c,2335 :: 		
;__Lib_MathDouble.c,2344 :: 		
0x03FA	0x5000      	MOVF        R0, 0, 0
;__Lib_MathDouble.c,2345 :: 		
0x03FC	0x6E08      	MOVWF       R8, 0
;__Lib_MathDouble.c,2346 :: 		
0x03FE	0x5001      	MOVF        R1, 0, 0
;__Lib_MathDouble.c,2347 :: 		
0x0400	0x6E00      	MOVWF       R0, 0
;__Lib_MathDouble.c,2348 :: 		
0x0402	0x6A01      	CLRF        R1, 0
;__Lib_MathDouble.c,2349 :: 		
0x0404	0x6A02      	CLRF        R2, 0
;__Lib_MathDouble.c,2350 :: 		
0x0406	0x6A03      	CLRF        R3, 0
;__Lib_MathDouble.c,2353 :: 		
0x0408	0x6A0B      	CLRF        R11, 0
;__Lib_MathDouble.c,2354 :: 		
0x040A	0x6A0C      	CLRF        R12, 0
;__Lib_MathDouble.c,2356 :: 		
0x040C	0x0E96      	MOVLW       150
;__Lib_MathDouble.c,2357 :: 		
0x040E	0x6E03      	MOVWF       R3, 0
;__Lib_MathDouble.c,2358 :: 		
0x0410	0x6A0A      	CLRF        R10, 0
;__Lib_MathDouble.c,2360 :: 		
0x0412	0xF001C000  	MOVFF       R0, R1
;__Lib_MathDouble.c,2361 :: 		
0x0416	0xF000C008  	MOVFF       R8, R0
;__Lib_MathDouble.c,2362 :: 		
0x041A	0x6A08      	CLRF        R8, 0
;__Lib_MathDouble.c,2363 :: 		
0x041C	0x6A02      	CLRF        R2, 0
;__Lib_MathDouble.c,2365 :: 		
0x041E	0xDF60      	RCALL       _NRM3232
;__Lib_MathDouble.c,2366 :: 		
L_end_Word2Double:
0x0420	0x0012      	RETURN      0
; end of _Word2Double
_UART1_Write_Text:
;__Lib_UART_c67.c,66 :: 		
;__Lib_UART_c67.c,67 :: 		
0x0422	0x6A4A      	CLRF        UART1_Write_Text_counter_L0 
;__Lib_UART_c67.c,69 :: 		
0x0424	0xFFE9C047  	MOVFF       FARG_UART1_Write_Text_uart_text, FSR0L
0x0428	0xFFEAC048  	MOVFF       FARG_UART1_Write_Text_uart_text+1, FSR0H
0x042C	0xF049CFEE  	MOVFF       POSTINC0, UART1_Write_Text_data__L0
;__Lib_UART_c67.c,70 :: 		
L_UART1_Write_Text5:
0x0430	0x5049      	MOVF        UART1_Write_Text_data__L0, 0 
0x0432	0x0A00      	XORLW       0
0x0434	0xE00D      	BZ          L_UART1_Write_Text6
;__Lib_UART_c67.c,71 :: 		
0x0436	0xF055C049  	MOVFF       UART1_Write_Text_data__L0, FARG_UART1_Write_data_
0x043A	0xDEAF      	RCALL       _UART1_Write
;__Lib_UART_c67.c,72 :: 		
0x043C	0x2A4A      	INCF        UART1_Write_Text_counter_L0, 1 
;__Lib_UART_c67.c,73 :: 		
0x043E	0x504A      	MOVF        UART1_Write_Text_counter_L0, 0 
0x0440	0x2447      	ADDWF       FARG_UART1_Write_Text_uart_text, 0 
0x0442	0x6EE9      	MOVWF       FSR0L 
0x0444	0x0E00      	MOVLW       0
0x0446	0x2048      	ADDWFC      FARG_UART1_Write_Text_uart_text+1, 0 
0x0448	0x6EEA      	MOVWF       FSR0H 
0x044A	0xF049CFEE  	MOVFF       POSTINC0, UART1_Write_Text_data__L0
;__Lib_UART_c67.c,74 :: 		
0x044E	0xD7F0      	BRA         L_UART1_Write_Text5
L_UART1_Write_Text6:
;__Lib_UART_c67.c,75 :: 		
L_end_UART1_Write_Text:
0x0450	0x0012      	RETURN      0
; end of _UART1_Write_Text
___CC2DW:
;__Lib_System.c,21 :: 		
;__Lib_System.c,23 :: 		
_CC2DL_Loop1:
;__Lib_System.c,24 :: 		
0x0452	0x0009      	TBLRD*+
;__Lib_System.c,25 :: 		
0x0454	0xFFE6CFF5  	MOVFF       TABLAT, POSTINC1
;__Lib_System.c,26 :: 		
0x0458	0x0600      	DECF        R0, 1, 0
;__Lib_System.c,27 :: 		
0x045A	0xE1FB      	BNZ         _CC2DL_Loop1
;__Lib_System.c,28 :: 		
0x045C	0x0601      	DECF        R1, 1, 0
;__Lib_System.c,29 :: 		
0x045E	0xE1F9      	BNZ         _CC2DL_Loop1
;__Lib_System.c,31 :: 		
L_end___CC2DW:
0x0460	0x0012      	RETURN      0
; end of ___CC2DW
_Div_32x32_FP:
;__Lib_MathDouble.c,1325 :: 		
;__Lib_MathDouble.c,1339 :: 		
0x0462	0x5004      	MOVF        R4, 0 
0x0464	0x0A00      	XORLW       0
0x0466	0xE112      	BNZ         L_Div_32x32_FP11
;__Lib_MathDouble.c,1340 :: 		
0x0468	0x5005      	MOVF        R5, 0 
0x046A	0x0A00      	XORLW       0
0x046C	0xE10F      	BNZ         L_Div_32x32_FP12
;__Lib_MathDouble.c,1341 :: 		
0x046E	0x5006      	MOVF        R6, 0 
0x0470	0x0A00      	XORLW       0
0x0472	0xE10C      	BNZ         L_Div_32x32_FP13
;__Lib_MathDouble.c,1342 :: 		
0x0474	0x5007      	MOVF        R7, 0 
0x0476	0x0A00      	XORLW       0
0x0478	0xE109      	BNZ         L_Div_32x32_FP14
;__Lib_MathDouble.c,1343 :: 		
0x047A	0x0EFF      	MOVLW       255
0x047C	0x6E00      	MOVWF       R0 
;__Lib_MathDouble.c,1344 :: 		
0x047E	0x0EFF      	MOVLW       255
0x0480	0x6E01      	MOVWF       R1 
;__Lib_MathDouble.c,1345 :: 		
0x0482	0x0E7F      	MOVLW       127
0x0484	0x6E02      	MOVWF       R2 
;__Lib_MathDouble.c,1346 :: 		
0x0486	0x0EFF      	MOVLW       255
0x0488	0x6E03      	MOVWF       R3 
;__Lib_MathDouble.c,1347 :: 		
0x048A	0xD0A4      	BRA         L_end_Div_32x32_FP
;__Lib_MathDouble.c,1348 :: 		
L_Div_32x32_FP14:
L_Div_32x32_FP13:
L_Div_32x32_FP12:
L_Div_32x32_FP11:
;__Lib_MathDouble.c,1353 :: 		
0x048C	0x6A08      	CLRF        R8, 0
;__Lib_MathDouble.c,1354 :: 		
0x048E	0x6A09      	CLRF        R9, 0
;__Lib_MathDouble.c,1356 :: 		
0x0490	0x5007      	MOVF        R7, 0, 0
;__Lib_MathDouble.c,1357 :: 		
0x0492	0xB4D8      	BTFSC       STATUS, 2, 0
;__Lib_MathDouble.c,1358 :: 		
0x0494	0xF002EFDC  	GOTO        JPDSETFDZ32
;__Lib_MathDouble.c,1360 :: 		
0x0498	0x5003      	MOVF        R3, 0, 0
;__Lib_MathDouble.c,1361 :: 		
0x049A	0xB4D8      	BTFSC       STATUS, 2, 0
;__Lib_MathDouble.c,1362 :: 		
0x049C	0xF002EFE0  	GOTO        JPDRES032
;__Lib_MathDouble.c,1364 :: 		
0x04A0	0x5002      	MOVF        R2, 0, 0
;__Lib_MathDouble.c,1365 :: 		
0x04A2	0x1806      	XORWF       R6, 0, 0
;__Lib_MathDouble.c,1366 :: 		
0x04A4	0x6E0A      	MOVWF       R10, 0
;__Lib_MathDouble.c,1367 :: 		
0x04A6	0x8E02      	BSF         R2, 7, 0
;__Lib_MathDouble.c,1368 :: 		
0x04A8	0x8E06      	BSF         R6, 7, 0
;__Lib_MathDouble.c,1370 :: 		
0x04AA	0x6A0E      	CLRF        R14, 0
;__Lib_MathDouble.c,1371 :: 		
0x04AC	0xF008C002  	MOVFF       R2, R8
;__Lib_MathDouble.c,1372 :: 		
0x04B0	0xF00CC001  	MOVFF       R1, R12
;__Lib_MathDouble.c,1373 :: 		
0x04B4	0xF00DC000  	MOVFF       R0, R13
;__Lib_MathDouble.c,1375 :: 		
0x04B8	0x5004      	MOVF        R4, 0, 0
;__Lib_MathDouble.c,1376 :: 		
0x04BA	0x5E0D      	SUBWF       R13, 1, 0
;__Lib_MathDouble.c,1377 :: 		
0x04BC	0x5005      	MOVF        R5, 0, 0
;__Lib_MathDouble.c,1378 :: 		
0x04BE	0xA0D8      	BTFSS       STATUS, 0, 0
;__Lib_MathDouble.c,1379 :: 		
0x04C0	0x3C05      	INCFSZ      R5, 0, 0
;__Lib_MathDouble.c,1381 :: 		
0x04C2	0x5E0C      	SUBWF       R12, 1, 0
;__Lib_MathDouble.c,1382 :: 		
0x04C4	0x5006      	MOVF        R6, 0, 0
;__Lib_MathDouble.c,1383 :: 		
0x04C6	0xA0D8      	BTFSS       STATUS, 0, 0
;__Lib_MathDouble.c,1384 :: 		
0x04C8	0x3C06      	INCFSZ      R6, 0, 0
;__Lib_MathDouble.c,1386 :: 		
0x04CA	0x5E08      	SUBWF       R8, 1, 0
;__Lib_MathDouble.c,1387 :: 		
0x04CC	0x6A08      	CLRF        R8, 0
;__Lib_MathDouble.c,1388 :: 		
0x04CE	0x6A0C      	CLRF        R12, 0
;__Lib_MathDouble.c,1389 :: 		
0x04D0	0x6A0D      	CLRF        R13, 0
;__Lib_MathDouble.c,1390 :: 		
0x04D2	0xA0D8      	BTFSS       STATUS, 0, 0
;__Lib_MathDouble.c,1391 :: 		
0x04D4	0xF002EF73  	GOTO        DALIGN32OK
;__Lib_MathDouble.c,1393 :: 		
0x04D8	0x90D8      	BCF         STATUS, 0, 0
;__Lib_MathDouble.c,1394 :: 		
0x04DA	0x3202      	RRCF        R2, 1, 0
;__Lib_MathDouble.c,1395 :: 		
0x04DC	0x3201      	RRCF        R1, 1, 0
;__Lib_MathDouble.c,1396 :: 		
0x04DE	0x3200      	RRCF        R0, 1, 0
;__Lib_MathDouble.c,1397 :: 		
0x04E0	0x3208      	RRCF        R8, 1, 0
;__Lib_MathDouble.c,1398 :: 		
0x04E2	0x0E01      	MOVLW       1
;__Lib_MathDouble.c,1399 :: 		
0x04E4	0x6E0E      	MOVWF       R14, 0
;__Lib_MathDouble.c,1400 :: 		
DALIGN32OK:
;__Lib_MathDouble.c,1401 :: 		
0x04E6	0x5007      	MOVF        R7, 0, 0
;__Lib_MathDouble.c,1402 :: 		
0x04E8	0x5E03      	SUBWF       R3, 1, 0
;__Lib_MathDouble.c,1403 :: 		
0x04EA	0xA0D8      	BTFSS       STATUS, 0, 0
;__Lib_MathDouble.c,1404 :: 		
0x04EC	0xF002EF80  	GOTO        ALTB32
;__Lib_MathDouble.c,1406 :: 		
0x04F0	0x0E7E      	MOVLW       126
;__Lib_MathDouble.c,1407 :: 		
0x04F2	0x240E      	ADDWF       R14, 0, 0
;__Lib_MathDouble.c,1408 :: 		
0x04F4	0x2603      	ADDWF       R3, 1, 0
;__Lib_MathDouble.c,1409 :: 		
0x04F6	0xB0D8      	BTFSC       STATUS, 0, 0
;__Lib_MathDouble.c,1410 :: 		
0x04F8	0xF002EFE4  	GOTO        JPDSETFOV32
;__Lib_MathDouble.c,1411 :: 		
0x04FC	0xF002EF86  	GOTO        DARGOK32
;__Lib_MathDouble.c,1412 :: 		
ALTB32:
;__Lib_MathDouble.c,1413 :: 		
0x0500	0x0E7E      	MOVLW       126
;__Lib_MathDouble.c,1414 :: 		
0x0502	0x240E      	ADDWF       R14, 0, 0
;__Lib_MathDouble.c,1415 :: 		
0x0504	0x2603      	ADDWF       R3, 1, 0
;__Lib_MathDouble.c,1416 :: 		
0x0506	0xA0D8      	BTFSS       STATUS, 0, 0
;__Lib_MathDouble.c,1417 :: 		
0x0508	0xF002EFE8  	GOTO        JPDSETFUN32
;__Lib_MathDouble.c,1418 :: 		
DARGOK32:
;__Lib_MathDouble.c,1419 :: 		
0x050C	0x0E18      	MOVLW       24
;__Lib_MathDouble.c,1420 :: 		
0x050E	0x6E0B      	MOVWF       R11, 0
;__Lib_MathDouble.c,1421 :: 		
DLOOP32:
;__Lib_MathDouble.c,1422 :: 		
0x0510	0x360D      	RLCF        R13, 1, 0
;__Lib_MathDouble.c,1423 :: 		
0x0512	0x360C      	RLCF        R12, 1, 0
;__Lib_MathDouble.c,1424 :: 		
0x0514	0x3608      	RLCF        R8, 1, 0
;__Lib_MathDouble.c,1425 :: 		
0x0516	0x3600      	RLCF        R0, 1, 0
;__Lib_MathDouble.c,1426 :: 		
0x0518	0x3601      	RLCF        R1, 1, 0
;__Lib_MathDouble.c,1427 :: 		
0x051A	0x3602      	RLCF        R2, 1, 0
;__Lib_MathDouble.c,1428 :: 		
0x051C	0x360E      	RLCF        R14, 1, 0
;__Lib_MathDouble.c,1430 :: 		
0x051E	0x5004      	MOVF        R4, 0, 0
;__Lib_MathDouble.c,1431 :: 		
0x0520	0x5E00      	SUBWF       R0, 1, 0
;__Lib_MathDouble.c,1432 :: 		
0x0522	0x5005      	MOVF        R5, 0, 0
;__Lib_MathDouble.c,1433 :: 		
0x0524	0xA0D8      	BTFSS       STATUS, 0, 0
;__Lib_MathDouble.c,1434 :: 		
0x0526	0x3C05      	INCFSZ      R5, 0, 0
;__Lib_MathDouble.c,1436 :: 		
0x0528	0x5E01      	SUBWF       R1, 1, 0
;__Lib_MathDouble.c,1437 :: 		
0x052A	0x5006      	MOVF        R6, 0, 0
;__Lib_MathDouble.c,1438 :: 		
0x052C	0xA0D8      	BTFSS       STATUS, 0, 0
;__Lib_MathDouble.c,1439 :: 		
0x052E	0x3C06      	INCFSZ      R6, 0, 0
;__Lib_MathDouble.c,1441 :: 		
0x0530	0x5E02      	SUBWF       R2, 1, 0
;__Lib_MathDouble.c,1442 :: 		
0x0532	0x3406      	RLCF        R6, 0, 0
;__Lib_MathDouble.c,1443 :: 		
0x0534	0x120E      	IORWF       R14, 1, 0
;__Lib_MathDouble.c,1444 :: 		
0x0536	0xA00E      	BTFSS       R14, 0, 0
;__Lib_MathDouble.c,1445 :: 		
0x0538	0xF002EFA1  	GOTO        DREST32
;__Lib_MathDouble.c,1446 :: 		
0x053C	0x800D      	BSF         R13, 0, 0
;__Lib_MathDouble.c,1447 :: 		
0x053E	0xF002EFAC  	GOTO        DOK32
;__Lib_MathDouble.c,1448 :: 		
DREST32:
;__Lib_MathDouble.c,1449 :: 		
0x0542	0x5004      	MOVF        R4, 0, 0
;__Lib_MathDouble.c,1450 :: 		
0x0544	0x2600      	ADDWF       R0, 1, 0
;__Lib_MathDouble.c,1451 :: 		
0x0546	0x5005      	MOVF        R5, 0, 0
;__Lib_MathDouble.c,1452 :: 		
0x0548	0xB0D8      	BTFSC       STATUS, 0, 0
;__Lib_MathDouble.c,1453 :: 		
0x054A	0x3C05      	INCFSZ      R5, 0, 0
;__Lib_MathDouble.c,1455 :: 		
0x054C	0x2601      	ADDWF       R1, 1, 0
;__Lib_MathDouble.c,1456 :: 		
0x054E	0x5006      	MOVF        R6, 0, 0
;__Lib_MathDouble.c,1457 :: 		
0x0550	0xB0D8      	BTFSC       STATUS, 0, 0
;__Lib_MathDouble.c,1458 :: 		
0x0552	0x2806      	INCF        R6, 0, 0
;__Lib_MathDouble.c,1459 :: 		
0x0554	0x2602      	ADDWF       R2, 1, 0
;__Lib_MathDouble.c,1460 :: 		
0x0556	0x900D      	BCF         R13, 0, 0
;__Lib_MathDouble.c,1461 :: 		
DOK32:
;__Lib_MathDouble.c,1462 :: 		
0x0558	0x2E0B      	DECFSZ      R11, 1, 0
;__Lib_MathDouble.c,1463 :: 		
0x055A	0xF002EF88  	GOTO        DLOOP32
;__Lib_MathDouble.c,1467 :: 		
0x055E	0xF002EFD2  	GOTO        DIV32OK
;__Lib_MathDouble.c,1468 :: 		
0x0562	0x90D8      	BCF         STATUS, 0, 0
;__Lib_MathDouble.c,1469 :: 		
0x0564	0x3600      	RLCF        R0, 1, 0
;__Lib_MathDouble.c,1470 :: 		
0x0566	0x3601      	RLCF        R1, 1, 0
;__Lib_MathDouble.c,1471 :: 		
0x0568	0x3602      	RLCF        R2, 1, 0
;__Lib_MathDouble.c,1472 :: 		
0x056A	0x360E      	RLCF        R14, 1, 0
;__Lib_MathDouble.c,1474 :: 		
0x056C	0x5004      	MOVF        R4, 0, 0
;__Lib_MathDouble.c,1475 :: 		
0x056E	0x5E00      	SUBWF       R0, 1, 0
;__Lib_MathDouble.c,1476 :: 		
0x0570	0x5005      	MOVF        R5, 0, 0
;__Lib_MathDouble.c,1477 :: 		
0x0572	0xA0D8      	BTFSS       STATUS, 0, 0
;__Lib_MathDouble.c,1478 :: 		
0x0574	0x3C05      	INCFSZ      R5, 0, 0
;__Lib_MathDouble.c,1479 :: 		
0x0576	0x5E01      	SUBWF       R1, 1, 0
;__Lib_MathDouble.c,1480 :: 		
0x0578	0x5006      	MOVF        R6, 0, 0
;__Lib_MathDouble.c,1481 :: 		
0x057A	0xA0D8      	BTFSS       STATUS, 0, 0
;__Lib_MathDouble.c,1482 :: 		
0x057C	0x3C06      	INCFSZ      R6, 0, 0
;__Lib_MathDouble.c,1483 :: 		
0x057E	0x5E02      	SUBWF       R2, 1, 0
;__Lib_MathDouble.c,1484 :: 		
0x0580	0x3406      	RLCF        R6, 0, 0
;__Lib_MathDouble.c,1485 :: 		
0x0582	0x100E      	IORWF       R14, 0, 0
;__Lib_MathDouble.c,1486 :: 		
0x0584	0x0B01      	ANDLW       1
;__Lib_MathDouble.c,1487 :: 		
0x0586	0x260D      	ADDWF       R13, 1, 0
;__Lib_MathDouble.c,1488 :: 		
0x0588	0xB0D8      	BTFSC       STATUS, 0, 0
;__Lib_MathDouble.c,1489 :: 		
0x058A	0x2A0C      	INCF        R12, 1, 0
;__Lib_MathDouble.c,1490 :: 		
0x058C	0xB4D8      	BTFSC       STATUS, 2, 0
;__Lib_MathDouble.c,1491 :: 		
0x058E	0x2A08      	INCF        R8, 1, 0
;__Lib_MathDouble.c,1492 :: 		
0x0590	0xA4D8      	BTFSS       STATUS, 2, 0
;__Lib_MathDouble.c,1493 :: 		
0x0592	0xF002EFD2  	GOTO        DIV32OK
;__Lib_MathDouble.c,1494 :: 		
0x0596	0x3208      	RRCF        R8, 1, 0
;__Lib_MathDouble.c,1495 :: 		
0x0598	0x320C      	RRCF        R12, 1, 0
;__Lib_MathDouble.c,1496 :: 		
0x059A	0x320D      	RRCF        R13, 1, 0
;__Lib_MathDouble.c,1497 :: 		
0x059C	0x2A03      	INCF        R3, 1, 0
;__Lib_MathDouble.c,1498 :: 		
0x059E	0xB4D8      	BTFSC       STATUS, 2, 0
;__Lib_MathDouble.c,1499 :: 		
0x05A0	0xF002EFE4  	GOTO        JPDSETFOV32
;__Lib_MathDouble.c,1500 :: 		
DIV32OK:
;__Lib_MathDouble.c,1501 :: 		
0x05A4	0xAE0A      	BTFSS       R10, 7, 0
;__Lib_MathDouble.c,1502 :: 		
0x05A6	0x9E08      	BCF         R8, 7, 0
;__Lib_MathDouble.c,1503 :: 		
0x05A8	0x5008      	MOVF        R8, 0, 0
;__Lib_MathDouble.c,1504 :: 		
0x05AA	0x6E02      	MOVWF       R2, 0
;__Lib_MathDouble.c,1505 :: 		
0x05AC	0x500C      	MOVF        R12, 0, 0
;__Lib_MathDouble.c,1506 :: 		
0x05AE	0x6E01      	MOVWF       R1, 0
;__Lib_MathDouble.c,1507 :: 		
0x05B0	0x500D      	MOVF        R13, 0, 0
;__Lib_MathDouble.c,1508 :: 		
0x05B2	0x6E00      	MOVWF       R0, 0
;__Lib_MathDouble.c,1511 :: 		
0x05B4	0xF002EFEA  	GOTO        DIV32EEE
;__Lib_MathDouble.c,1512 :: 		
JPDSETFDZ32:
;__Lib_MathDouble.c,1513 :: 		
0x05B8	0x0E01      	MOVLW       1
;__Lib_MathDouble.c,1516 :: 		
0x05BA	0xDDEB      	RCALL       _SETFDZ32
;__Lib_MathDouble.c,1518 :: 		
0x05BC	0xF002EFEA  	GOTO        DIV32EEE
;__Lib_MathDouble.c,1519 :: 		
JPDRES032:
;__Lib_MathDouble.c,1520 :: 		
0x05C0	0x0E02      	MOVLW       2
;__Lib_MathDouble.c,1523 :: 		
0x05C2	0xDD49      	RCALL       _RES032
;__Lib_MathDouble.c,1525 :: 		
0x05C4	0xF002EFEA  	GOTO        DIV32EEE
;__Lib_MathDouble.c,1526 :: 		
JPDSETFOV32:
;__Lib_MathDouble.c,1527 :: 		
0x05C8	0x0E04      	MOVLW       4
;__Lib_MathDouble.c,1530 :: 		
0x05CA	0xDD2C      	RCALL       _SETFOV32
;__Lib_MathDouble.c,1532 :: 		
0x05CC	0xF002EFEA  	GOTO        DIV32EEE
;__Lib_MathDouble.c,1533 :: 		
JPDSETFUN32:
;__Lib_MathDouble.c,1534 :: 		
0x05D0	0x0E08      	MOVLW       8
;__Lib_MathDouble.c,1537 :: 		
0x05D2	0xDD34      	RCALL       _SETFUN32
;__Lib_MathDouble.c,1539 :: 		
DIV32EEE:
;__Lib_MathDouble.c,1547 :: 		
L_end_Div_32x32_FP:
0x05D4	0x0012      	RETURN      0
; end of _Div_32x32_FP
_FloatToStr:
;__Lib_Conversions.c,472 :: 		
;__Lib_Conversions.c,474 :: 		
0x05D6	0x6A53      	CLRF        FloatToStr_bpoint_L0 
0x05D8	0x6A54      	CLRF        FloatToStr_dexpon_L0 
;__Lib_Conversions.c,479 :: 		
0x05DA	0xF04FC047  	MOVFF       FARG_FloatToStr_fnum, FloatToStr_un_L0
0x05DE	0xF050C048  	MOVFF       FARG_FloatToStr_fnum+1, FloatToStr_un_L0+1
0x05E2	0xF051C049  	MOVFF       FARG_FloatToStr_fnum+2, FloatToStr_un_L0+2
0x05E6	0xF052C04A  	MOVFF       FARG_FloatToStr_fnum+3, FloatToStr_un_L0+3
;__Lib_Conversions.c,480 :: 		
0x05EA	0x5052      	MOVF        FloatToStr_un_L0+3, 0 
0x05EC	0x0AFF      	XORLW       255
0x05EE	0xE108      	BNZ         L__FloatToStr145
0x05F0	0x5051      	MOVF        FloatToStr_un_L0+2, 0 
0x05F2	0x0AFF      	XORLW       255
0x05F4	0xE105      	BNZ         L__FloatToStr145
0x05F6	0x5050      	MOVF        FloatToStr_un_L0+1, 0 
0x05F8	0x0AFF      	XORLW       255
0x05FA	0xE102      	BNZ         L__FloatToStr145
0x05FC	0x504F      	MOVF        FloatToStr_un_L0, 0 
0x05FE	0x0AFF      	XORLW       255
L__FloatToStr145:
0x0600	0xE10C      	BNZ         L_FloatToStr76
;__Lib_Conversions.c,481 :: 		
0x0602	0xF055C04B  	MOVFF       FARG_FloatToStr_str, FARG_strcpy_to
0x0606	0xF056C04C  	MOVFF       FARG_FloatToStr_str+1, FARG_strcpy_to+1
0x060A	0x0E15      	MOVLW       ?lstr1___Lib_Conversions
0x060C	0x6E57      	MOVWF       FARG_strcpy_from 
0x060E	0x0E00      	MOVLW       hi_addr(?lstr1___Lib_Conversions)
0x0610	0x6E58      	MOVWF       FARG_strcpy_from+1 
0x0612	0xDE40      	RCALL       _strcpy
;__Lib_Conversions.c,482 :: 		
0x0614	0x0E03      	MOVLW       3
0x0616	0x6E00      	MOVWF       R0 
0x0618	0xD1E6      	BRA         L_end_FloatToStr
;__Lib_Conversions.c,483 :: 		
L_FloatToStr76:
;__Lib_Conversions.c,484 :: 		
0x061A	0x0E01      	MOVLW       1
0x061C	0x6E4D      	MOVWF       FloatToStr_i_L0 
;__Lib_Conversions.c,485 :: 		
0x061E	0xAE51      	BTFSS       FloatToStr_un_L0+2, 7 
0x0620	0xD00E      	BRA         L_FloatToStr77
;__Lib_Conversions.c,486 :: 		
0x0622	0x0E80      	MOVLW       128
0x0624	0x1851      	XORWF       FloatToStr_un_L0+2, 0 
0x0626	0x6E00      	MOVWF       R0 
0x0628	0xF051C000  	MOVFF       R0, FloatToStr_un_L0+2
;__Lib_Conversions.c,487 :: 		
0x062C	0x2A4D      	INCF        FloatToStr_i_L0, 1 
;__Lib_Conversions.c,488 :: 		
0x062E	0xFFE1C04B  	MOVFF       FARG_FloatToStr_str, FSR1L
0x0632	0xFFE2C04C  	MOVFF       FARG_FloatToStr_str+1, FSR1H
0x0636	0x0E2D      	MOVLW       45
0x0638	0x6EE6      	MOVWF       POSTINC1 
0x063A	0x4A4B      	INFSNZ      FARG_FloatToStr_str, 1 
0x063C	0x2A4C      	INCF        FARG_FloatToStr_str+1, 1 
;__Lib_Conversions.c,489 :: 		
L_FloatToStr77:
;__Lib_Conversions.c,490 :: 		
0x063E	0x0E00      	MOVLW       0
0x0640	0x6E00      	MOVWF       R0 
0x0642	0x1852      	XORWF       FloatToStr_un_L0+3, 0 
0x0644	0xE108      	BNZ         L__FloatToStr146
0x0646	0x5000      	MOVF        R0, 0 
0x0648	0x1851      	XORWF       FloatToStr_un_L0+2, 0 
0x064A	0xE105      	BNZ         L__FloatToStr146
0x064C	0x5000      	MOVF        R0, 0 
0x064E	0x1850      	XORWF       FloatToStr_un_L0+1, 0 
0x0650	0xE102      	BNZ         L__FloatToStr146
0x0652	0x504F      	MOVF        FloatToStr_un_L0, 0 
0x0654	0x0A00      	XORLW       0
L__FloatToStr146:
0x0656	0xE10B      	BNZ         L_FloatToStr78
;__Lib_Conversions.c,491 :: 		
0x0658	0xF055C04B  	MOVFF       FARG_FloatToStr_str, FARG_strcpy_to
0x065C	0xF056C04C  	MOVFF       FARG_FloatToStr_str+1, FARG_strcpy_to+1
0x0660	0x0E1D      	MOVLW       ?lstr2___Lib_Conversions
0x0662	0x6E57      	MOVWF       FARG_strcpy_from 
0x0664	0x0E00      	MOVLW       hi_addr(?lstr2___Lib_Conversions)
0x0666	0x6E58      	MOVWF       FARG_strcpy_from+1 
0x0668	0xDE15      	RCALL       _strcpy
;__Lib_Conversions.c,492 :: 		
0x066A	0x6A00      	CLRF        R0 
0x066C	0xD1BC      	BRA         L_end_FloatToStr
;__Lib_Conversions.c,493 :: 		
L_FloatToStr78:
;__Lib_Conversions.c,494 :: 		
0x066E	0x5052      	MOVF        FloatToStr_un_L0+3, 0 
0x0670	0x0AFF      	XORLW       255
0x0672	0xE108      	BNZ         L__FloatToStr147
0x0674	0x5051      	MOVF        FloatToStr_un_L0+2, 0 
0x0676	0x0A00      	XORLW       0
0x0678	0xE105      	BNZ         L__FloatToStr147
0x067A	0x5050      	MOVF        FloatToStr_un_L0+1, 0 
0x067C	0x0A00      	XORLW       0
0x067E	0xE102      	BNZ         L__FloatToStr147
0x0680	0x504F      	MOVF        FloatToStr_un_L0, 0 
0x0682	0x0A00      	XORLW       0
L__FloatToStr147:
0x0684	0xE10C      	BNZ         L_FloatToStr79
;__Lib_Conversions.c,495 :: 		
0x0686	0xF055C04B  	MOVFF       FARG_FloatToStr_str, FARG_strcpy_to
0x068A	0xF056C04C  	MOVFF       FARG_FloatToStr_str+1, FARG_strcpy_to+1
0x068E	0x0E19      	MOVLW       ?lstr3___Lib_Conversions
0x0690	0x6E57      	MOVWF       FARG_strcpy_from 
0x0692	0x0E00      	MOVLW       hi_addr(?lstr3___Lib_Conversions)
0x0694	0x6E58      	MOVWF       FARG_strcpy_from+1 
0x0696	0xDDFE      	RCALL       _strcpy
;__Lib_Conversions.c,496 :: 		
0x0698	0xF000C04D  	MOVFF       FloatToStr_i_L0, R0
0x069C	0xD1A4      	BRA         L_end_FloatToStr
;__Lib_Conversions.c,497 :: 		
L_FloatToStr79:
;__Lib_Conversions.c,505 :: 		
L_FloatToStr80:
0x069E	0x0E00      	MOVLW       0
0x06A0	0x6E04      	MOVWF       R4 
0x06A2	0x0E00      	MOVLW       0
0x06A4	0x6E05      	MOVWF       R5 
0x06A6	0x0E00      	MOVLW       0
0x06A8	0x6E06      	MOVWF       R6 
0x06AA	0x0E7F      	MOVLW       127
0x06AC	0x6E07      	MOVWF       R7 
0x06AE	0xF000C04F  	MOVFF       FloatToStr_un_L0, R0
0x06B2	0xF001C050  	MOVFF       FloatToStr_un_L0+1, R1
0x06B6	0xF002C051  	MOVFF       FloatToStr_un_L0+2, R2
0x06BA	0xF003C052  	MOVFF       FloatToStr_un_L0+3, R3
0x06BE	0xDD83      	RCALL       _Compare_Double
0x06C0	0x0E01      	MOVLW       1
0x06C2	0xB0D8      	BTFSC       STATUS, 0 
0x06C4	0x0E00      	MOVLW       0
0x06C6	0x6E00      	MOVWF       R0 
0x06C8	0x5200      	MOVF        R0, 1 
0x06CA	0xE01B      	BZ          L_FloatToStr81
;__Lib_Conversions.c,506 :: 		
0x06CC	0xF000C04F  	MOVFF       FloatToStr_un_L0, R0
0x06D0	0xF001C050  	MOVFF       FloatToStr_un_L0+1, R1
0x06D4	0xF002C051  	MOVFF       FloatToStr_un_L0+2, R2
0x06D8	0xF003C052  	MOVFF       FloatToStr_un_L0+3, R3
0x06DC	0x0E00      	MOVLW       0
0x06DE	0x6E04      	MOVWF       R4 
0x06E0	0x0E00      	MOVLW       0
0x06E2	0x6E05      	MOVWF       R5 
0x06E4	0x0E20      	MOVLW       32
0x06E6	0x6E06      	MOVWF       R6 
0x06E8	0x0E82      	MOVLW       130
0x06EA	0x6E07      	MOVWF       R7 
0x06EC	0xDCBB      	RCALL       _Mul_32x32_FP
0x06EE	0xF04FC000  	MOVFF       R0, FloatToStr_un_L0
0x06F2	0xF050C001  	MOVFF       R1, FloatToStr_un_L0+1
0x06F6	0xF051C002  	MOVFF       R2, FloatToStr_un_L0+2
0x06FA	0xF052C003  	MOVFF       R3, FloatToStr_un_L0+3
;__Lib_Conversions.c,507 :: 		
0x06FE	0x0654      	DECF        FloatToStr_dexpon_L0, 1 
;__Lib_Conversions.c,508 :: 		
0x0700	0xD7CE      	BRA         L_FloatToStr80
L_FloatToStr81:
;__Lib_Conversions.c,513 :: 		
L_FloatToStr82:
0x0702	0x0E00      	MOVLW       0
0x0704	0x6E04      	MOVWF       R4 
0x0706	0x0E00      	MOVLW       0
0x0708	0x6E05      	MOVWF       R5 
0x070A	0x0E20      	MOVLW       32
0x070C	0x6E06      	MOVWF       R6 
0x070E	0x0E82      	MOVLW       130
0x0710	0x6E07      	MOVWF       R7 
0x0712	0xF000C04F  	MOVFF       FloatToStr_un_L0, R0
0x0716	0xF001C050  	MOVFF       FloatToStr_un_L0+1, R1
0x071A	0xF002C051  	MOVFF       FloatToStr_un_L0+2, R2
0x071E	0xF003C052  	MOVFF       FloatToStr_un_L0+3, R3
0x0722	0xDD51      	RCALL       _Compare_Double
0x0724	0x0E00      	MOVLW       0
0x0726	0xB0D8      	BTFSC       STATUS, 0 
0x0728	0x0E01      	MOVLW       1
0x072A	0x6E00      	MOVWF       R0 
0x072C	0x5200      	MOVF        R0, 1 
0x072E	0xE01B      	BZ          L_FloatToStr83
;__Lib_Conversions.c,514 :: 		
0x0730	0xF000C04F  	MOVFF       FloatToStr_un_L0, R0
0x0734	0xF001C050  	MOVFF       FloatToStr_un_L0+1, R1
0x0738	0xF002C051  	MOVFF       FloatToStr_un_L0+2, R2
0x073C	0xF003C052  	MOVFF       FloatToStr_un_L0+3, R3
0x0740	0x0ECD      	MOVLW       205
0x0742	0x6E04      	MOVWF       R4 
0x0744	0x0ECC      	MOVLW       204
0x0746	0x6E05      	MOVWF       R5 
0x0748	0x0E4C      	MOVLW       76
0x074A	0x6E06      	MOVWF       R6 
0x074C	0x0E7B      	MOVLW       123
0x074E	0x6E07      	MOVWF       R7 
0x0750	0xDC89      	RCALL       _Mul_32x32_FP
0x0752	0xF04FC000  	MOVFF       R0, FloatToStr_un_L0
0x0756	0xF050C001  	MOVFF       R1, FloatToStr_un_L0+1
0x075A	0xF051C002  	MOVFF       R2, FloatToStr_un_L0+2
0x075E	0xF052C003  	MOVFF       R3, FloatToStr_un_L0+3
;__Lib_Conversions.c,515 :: 		
0x0762	0x2A54      	INCF        FloatToStr_dexpon_L0, 1 
;__Lib_Conversions.c,516 :: 		
0x0764	0xD7CE      	BRA         L_FloatToStr82
L_FloatToStr83:
;__Lib_Conversions.c,525 :: 		
0x0766	0x0EFF      	MOVLW       255
0x0768	0x144F      	ANDWF       FloatToStr_un_L0, 0 
0x076A	0x6E08      	MOVWF       R8 
0x076C	0x0EFF      	MOVLW       255
0x076E	0x1450      	ANDWF       FloatToStr_un_L0+1, 0 
0x0770	0x6E09      	MOVWF       R9 
0x0772	0x0E7F      	MOVLW       127
0x0774	0x1451      	ANDWF       FloatToStr_un_L0+2, 0 
0x0776	0x6E0A      	MOVWF       R10 
0x0778	0x0E00      	MOVLW       0
0x077A	0x1452      	ANDWF       FloatToStr_un_L0+3, 0 
0x077C	0x6E0B      	MOVWF       R11 
;__Lib_Conversions.c,526 :: 		
0x077E	0xF004C008  	MOVFF       R8, R4
0x0782	0xF005C009  	MOVFF       R9, R5
0x0786	0xF006C00A  	MOVFF       R10, R6
0x078A	0xF007C00B  	MOVFF       R11, R7
0x078E	0x3604      	RLCF        R4, 1 
0x0790	0x9004      	BCF         R4, 0 
0x0792	0x3605      	RLCF        R5, 1 
0x0794	0x3606      	RLCF        R6, 1 
0x0796	0x3607      	RLCF        R7, 1 
;__Lib_Conversions.c,527 :: 		
0x0798	0x0E00      	MOVLW       0
0x079A	0x144F      	ANDWF       FloatToStr_un_L0, 0 
0x079C	0x6E00      	MOVWF       R0 
0x079E	0x0E00      	MOVLW       0
0x07A0	0x1450      	ANDWF       FloatToStr_un_L0+1, 0 
0x07A2	0x6E01      	MOVWF       R1 
0x07A4	0x0E00      	MOVLW       0
0x07A6	0x1451      	ANDWF       FloatToStr_un_L0+2, 0 
0x07A8	0x6E02      	MOVWF       R2 
0x07AA	0x0EFF      	MOVLW       255
0x07AC	0x1452      	ANDWF       FloatToStr_un_L0+3, 0 
0x07AE	0x6E03      	MOVWF       R3 
0x07B0	0xF04FC000  	MOVFF       R0, FloatToStr_un_L0
0x07B4	0xF050C001  	MOVFF       R1, FloatToStr_un_L0+1
0x07B8	0xF051C002  	MOVFF       R2, FloatToStr_un_L0+2
0x07BC	0xF052C003  	MOVFF       R3, FloatToStr_un_L0+3
;__Lib_Conversions.c,528 :: 		
0x07C0	0x5004      	MOVF        R4, 0 
0x07C2	0x104F      	IORWF       FloatToStr_un_L0, 0 
0x07C4	0x6E00      	MOVWF       R0 
0x07C6	0x5005      	MOVF        R5, 0 
0x07C8	0x1050      	IORWF       FloatToStr_un_L0+1, 0 
0x07CA	0x6E01      	MOVWF       R1 
0x07CC	0x5006      	MOVF        R6, 0 
0x07CE	0x1051      	IORWF       FloatToStr_un_L0+2, 0 
0x07D0	0x6E02      	MOVWF       R2 
0x07D2	0x5007      	MOVF        R7, 0 
0x07D4	0x1052      	IORWF       FloatToStr_un_L0+3, 0 
0x07D6	0x6E03      	MOVWF       R3 
0x07D8	0xF04FC000  	MOVFF       R0, FloatToStr_un_L0
0x07DC	0xF050C001  	MOVFF       R1, FloatToStr_un_L0+1
0x07E0	0xF051C002  	MOVFF       R2, FloatToStr_un_L0+2
0x07E4	0xF052C003  	MOVFF       R3, FloatToStr_un_L0+3
;__Lib_Conversions.c,530 :: 		
0x07E8	0x0E7F      	MOVLW       127
0x07EA	0x5C52      	SUBWF       FloatToStr_un_L0+3, 0 
0x07EC	0x6E00      	MOVWF       R0 
0x07EE	0xF04EC000  	MOVFF       R0, FloatToStr_d_L0
;__Lib_Conversions.c,533 :: 		
0x07F2	0x0E01      	MOVLW       1
0x07F4	0x6E52      	MOVWF       FloatToStr_un_L0+3 
;__Lib_Conversions.c,534 :: 		
0x07F6	0xF004C000  	MOVFF       R0, R4
0x07FA	0xF000C04F  	MOVFF       FloatToStr_un_L0, R0
0x07FE	0xF001C050  	MOVFF       FloatToStr_un_L0+1, R1
0x0802	0xF002C051  	MOVFF       FloatToStr_un_L0+2, R2
0x0806	0xF003C052  	MOVFF       FloatToStr_un_L0+3, R3
0x080A	0x5004      	MOVF        R4, 0 
L__FloatToStr148:
0x080C	0xE007      	BZ          L__FloatToStr149
0x080E	0x3600      	RLCF        R0, 1 
0x0810	0x9000      	BCF         R0, 0 
0x0812	0x3601      	RLCF        R1, 1 
0x0814	0x3602      	RLCF        R2, 1 
0x0816	0x3603      	RLCF        R3, 1 
0x0818	0x0FFF      	ADDLW       255
0x081A	0xD7F8      	BRA         L__FloatToStr148
L__FloatToStr149:
0x081C	0xF04FC000  	MOVFF       R0, FloatToStr_un_L0
0x0820	0xF050C001  	MOVFF       R1, FloatToStr_un_L0+1
0x0824	0xF051C002  	MOVFF       R2, FloatToStr_un_L0+2
0x0828	0xF052C003  	MOVFF       R3, FloatToStr_un_L0+3
;__Lib_Conversions.c,535 :: 		
0x082C	0xFFE1C04B  	MOVFF       FARG_FloatToStr_str, FSR1L
0x0830	0xFFE2C04C  	MOVFF       FARG_FloatToStr_str+1, FSR1H
0x0834	0x5052      	MOVF        FloatToStr_un_L0+3, 0 
0x0836	0x0F30      	ADDLW       48
0x0838	0x6EE6      	MOVWF       POSTINC1 
0x083A	0x4A4B      	INFSNZ      FARG_FloatToStr_str, 1 
0x083C	0x2A4C      	INCF        FARG_FloatToStr_str+1, 1 
;__Lib_Conversions.c,536 :: 		
0x083E	0x0E80      	MOVLW       128
0x0840	0x1854      	XORWF       FloatToStr_dexpon_L0, 0 
0x0842	0x6E00      	MOVWF       R0 
0x0844	0x0E80      	MOVLW       128
0x0846	0x0A01      	XORLW       1
0x0848	0x5C00      	SUBWF       R0, 0 
0x084A	0xE308      	BNC         L__FloatToStr100
0x084C	0x0E80      	MOVLW       128
0x084E	0x0A06      	XORLW       6
0x0850	0x6E00      	MOVWF       R0 
0x0852	0x0E80      	MOVLW       128
0x0854	0x1854      	XORWF       FloatToStr_dexpon_L0, 0 
0x0856	0x5C00      	SUBWF       R0, 0 
0x0858	0xE301      	BNC         L__FloatToStr100
0x085A	0xD00A      	BRA         L_FloatToStr86
L__FloatToStr100:
;__Lib_Conversions.c,537 :: 		
0x085C	0xFFE1C04B  	MOVFF       FARG_FloatToStr_str, FSR1L
0x0860	0xFFE2C04C  	MOVFF       FARG_FloatToStr_str+1, FSR1H
0x0864	0x0E2E      	MOVLW       46
0x0866	0x6EE6      	MOVWF       POSTINC1 
0x0868	0x4A4B      	INFSNZ      FARG_FloatToStr_str, 1 
0x086A	0x2A4C      	INCF        FARG_FloatToStr_str+1, 1 
;__Lib_Conversions.c,538 :: 		
0x086C	0x0E01      	MOVLW       1
0x086E	0x6E53      	MOVWF       FloatToStr_bpoint_L0 
;__Lib_Conversions.c,539 :: 		
L_FloatToStr86:
;__Lib_Conversions.c,540 :: 		
0x0870	0x0E06      	MOVLW       6
0x0872	0x6E4E      	MOVWF       FloatToStr_d_L0 
L_FloatToStr87:
0x0874	0x504E      	MOVF        FloatToStr_d_L0, 0 
0x0876	0x0A00      	XORLW       0
0x0878	0xE054      	BZ          L_FloatToStr88
;__Lib_Conversions.c,541 :: 		
0x087A	0x6A52      	CLRF        FloatToStr_un_L0+3 
;__Lib_Conversions.c,542 :: 		
0x087C	0xF000C04F  	MOVFF       FloatToStr_un_L0, R0
0x0880	0xF001C050  	MOVFF       FloatToStr_un_L0+1, R1
0x0884	0xF002C051  	MOVFF       FloatToStr_un_L0+2, R2
0x0888	0xF003C052  	MOVFF       FloatToStr_un_L0+3, R3
0x088C	0x3600      	RLCF        R0, 1 
0x088E	0x9000      	BCF         R0, 0 
0x0890	0x3601      	RLCF        R1, 1 
0x0892	0x3602      	RLCF        R2, 1 
0x0894	0x3603      	RLCF        R3, 1 
0x0896	0x3600      	RLCF        R0, 1 
0x0898	0x9000      	BCF         R0, 0 
0x089A	0x3601      	RLCF        R1, 1 
0x089C	0x3602      	RLCF        R2, 1 
0x089E	0x3603      	RLCF        R3, 1 
0x08A0	0x504F      	MOVF        FloatToStr_un_L0, 0 
0x08A2	0x2600      	ADDWF       R0, 1 
0x08A4	0x5050      	MOVF        FloatToStr_un_L0+1, 0 
0x08A6	0x2201      	ADDWFC      R1, 1 
0x08A8	0x5051      	MOVF        FloatToStr_un_L0+2, 0 
0x08AA	0x2202      	ADDWFC      R2, 1 
0x08AC	0x5052      	MOVF        FloatToStr_un_L0+3, 0 
0x08AE	0x2203      	ADDWFC      R3, 1 
0x08B0	0xF04FC000  	MOVFF       R0, FloatToStr_un_L0
0x08B4	0xF050C001  	MOVFF       R1, FloatToStr_un_L0+1
0x08B8	0xF051C002  	MOVFF       R2, FloatToStr_un_L0+2
0x08BC	0xF052C003  	MOVFF       R3, FloatToStr_un_L0+3
;__Lib_Conversions.c,543 :: 		
0x08C0	0xF000C04F  	MOVFF       FloatToStr_un_L0, R0
0x08C4	0xF001C050  	MOVFF       FloatToStr_un_L0+1, R1
0x08C8	0xF002C051  	MOVFF       FloatToStr_un_L0+2, R2
0x08CC	0xF003C052  	MOVFF       FloatToStr_un_L0+3, R3
0x08D0	0x3600      	RLCF        R0, 1 
0x08D2	0x9000      	BCF         R0, 0 
0x08D4	0x3601      	RLCF        R1, 1 
0x08D6	0x3602      	RLCF        R2, 1 
0x08D8	0x3603      	RLCF        R3, 1 
0x08DA	0xF04FC000  	MOVFF       R0, FloatToStr_un_L0
0x08DE	0xF050C001  	MOVFF       R1, FloatToStr_un_L0+1
0x08E2	0xF051C002  	MOVFF       R2, FloatToStr_un_L0+2
0x08E6	0xF052C003  	MOVFF       R3, FloatToStr_un_L0+3
;__Lib_Conversions.c,544 :: 		
0x08EA	0xFFE1C04B  	MOVFF       FARG_FloatToStr_str, FSR1L
0x08EE	0xFFE2C04C  	MOVFF       FARG_FloatToStr_str+1, FSR1H
0x08F2	0x5052      	MOVF        FloatToStr_un_L0+3, 0 
0x08F4	0x0F30      	ADDLW       48
0x08F6	0x6EE6      	MOVWF       POSTINC1 
0x08F8	0x4A4B      	INFSNZ      FARG_FloatToStr_str, 1 
0x08FA	0x2A4C      	INCF        FARG_FloatToStr_str+1, 1 
;__Lib_Conversions.c,545 :: 		
0x08FC	0x5053      	MOVF        FloatToStr_bpoint_L0, 0 
0x08FE	0x0A00      	XORLW       0
0x0900	0xE10E      	BNZ         L_FloatToStr90
;__Lib_Conversions.c,546 :: 		
0x0902	0x0654      	DECF        FloatToStr_dexpon_L0, 1 
0x0904	0x5054      	MOVF        FloatToStr_dexpon_L0, 0 
0x0906	0x0A00      	XORLW       0
0x0908	0xE10A      	BNZ         L_FloatToStr91
;__Lib_Conversions.c,547 :: 		
0x090A	0xFFE1C04B  	MOVFF       FARG_FloatToStr_str, FSR1L
0x090E	0xFFE2C04C  	MOVFF       FARG_FloatToStr_str+1, FSR1H
0x0912	0x0E2E      	MOVLW       46
0x0914	0x6EE6      	MOVWF       POSTINC1 
0x0916	0x4A4B      	INFSNZ      FARG_FloatToStr_str, 1 
0x0918	0x2A4C      	INCF        FARG_FloatToStr_str+1, 1 
;__Lib_Conversions.c,548 :: 		
0x091A	0x0E01      	MOVLW       1
0x091C	0x6E53      	MOVWF       FloatToStr_bpoint_L0 
;__Lib_Conversions.c,549 :: 		
L_FloatToStr91:
L_FloatToStr90:
;__Lib_Conversions.c,540 :: 		
0x091E	0x064E      	DECF        FloatToStr_d_L0, 1 
;__Lib_Conversions.c,550 :: 		
0x0920	0xD7A9      	BRA         L_FloatToStr87
L_FloatToStr88:
;__Lib_Conversions.c,551 :: 		
L_FloatToStr92:
0x0922	0x0EFF      	MOVLW       255
0x0924	0x244B      	ADDWF       FARG_FloatToStr_str, 0 
0x0926	0x6EE9      	MOVWF       FSR0L 
0x0928	0x0EFF      	MOVLW       255
0x092A	0x204C      	ADDWFC      FARG_FloatToStr_str+1, 0 
0x092C	0x6EEA      	MOVWF       FSR0H 
0x092E	0x50EE      	MOVF        POSTINC0, 0 
0x0930	0x0A30      	XORLW       48
0x0932	0xE105      	BNZ         L_FloatToStr93
;__Lib_Conversions.c,552 :: 		
0x0934	0x0E01      	MOVLW       1
0x0936	0x5E4B      	SUBWF       FARG_FloatToStr_str, 1 
0x0938	0x0E00      	MOVLW       0
0x093A	0x5A4C      	SUBWFB      FARG_FloatToStr_str+1, 1 
0x093C	0xD7F2      	BRA         L_FloatToStr92
L_FloatToStr93:
;__Lib_Conversions.c,553 :: 		
0x093E	0x0EFF      	MOVLW       255
0x0940	0x244B      	ADDWF       FARG_FloatToStr_str, 0 
0x0942	0x6EE9      	MOVWF       FSR0L 
0x0944	0x0EFF      	MOVLW       255
0x0946	0x204C      	ADDWFC      FARG_FloatToStr_str+1, 0 
0x0948	0x6EEA      	MOVWF       FSR0H 
0x094A	0x50EE      	MOVF        POSTINC0, 0 
0x094C	0x0A2E      	XORLW       46
0x094E	0xE104      	BNZ         L_FloatToStr94
;__Lib_Conversions.c,554 :: 		
0x0950	0x0E01      	MOVLW       1
0x0952	0x5E4B      	SUBWF       FARG_FloatToStr_str, 1 
0x0954	0x0E00      	MOVLW       0
0x0956	0x5A4C      	SUBWFB      FARG_FloatToStr_str+1, 1 
L_FloatToStr94:
;__Lib_Conversions.c,555 :: 		
0x0958	0x5054      	MOVF        FloatToStr_dexpon_L0, 0 
0x095A	0x0A00      	XORLW       0
0x095C	0xE03E      	BZ          L_FloatToStr95
;__Lib_Conversions.c,556 :: 		
0x095E	0xFFE1C04B  	MOVFF       FARG_FloatToStr_str, FSR1L
0x0962	0xFFE2C04C  	MOVFF       FARG_FloatToStr_str+1, FSR1H
0x0966	0x0E65      	MOVLW       101
0x0968	0x6EE6      	MOVWF       POSTINC1 
0x096A	0x4A4B      	INFSNZ      FARG_FloatToStr_str, 1 
0x096C	0x2A4C      	INCF        FARG_FloatToStr_str+1, 1 
;__Lib_Conversions.c,557 :: 		
0x096E	0x0E80      	MOVLW       128
0x0970	0x1854      	XORWF       FloatToStr_dexpon_L0, 0 
0x0972	0x6E00      	MOVWF       R0 
0x0974	0x0E80      	MOVLW       128
0x0976	0x0A00      	XORLW       0
0x0978	0x5C00      	SUBWF       R0, 0 
0x097A	0xE20B      	BC          L_FloatToStr96
;__Lib_Conversions.c,558 :: 		
0x097C	0xFFE1C04B  	MOVFF       FARG_FloatToStr_str, FSR1L
0x0980	0xFFE2C04C  	MOVFF       FARG_FloatToStr_str+1, FSR1H
0x0984	0x0E2D      	MOVLW       45
0x0986	0x6EE6      	MOVWF       POSTINC1 
0x0988	0x4A4B      	INFSNZ      FARG_FloatToStr_str, 1 
0x098A	0x2A4C      	INCF        FARG_FloatToStr_str+1, 1 
;__Lib_Conversions.c,559 :: 		
0x098C	0x5054      	MOVF        FloatToStr_dexpon_L0, 0 
0x098E	0x0800      	SUBLW       0
0x0990	0x6E54      	MOVWF       FloatToStr_dexpon_L0 
;__Lib_Conversions.c,560 :: 		
L_FloatToStr96:
;__Lib_Conversions.c,561 :: 		
0x0992	0xF04EC054  	MOVFF       FloatToStr_dexpon_L0, FloatToStr_d_L0
;__Lib_Conversions.c,562 :: 		
0x0996	0x5054      	MOVF        FloatToStr_dexpon_L0, 0 
0x0998	0x0809      	SUBLW       9
0x099A	0xE20E      	BC          L_FloatToStr97
;__Lib_Conversions.c,563 :: 		
0x099C	0x0E0A      	MOVLW       10
0x099E	0x6E04      	MOVWF       R4 
0x09A0	0xF000C04E  	MOVFF       FloatToStr_d_L0, R0
0x09A4	0xDC01      	RCALL       _Div_8x8_U
0x09A6	0xFFE1C04B  	MOVFF       FARG_FloatToStr_str, FSR1L
0x09AA	0xFFE2C04C  	MOVFF       FARG_FloatToStr_str+1, FSR1H
0x09AE	0x5000      	MOVF        R0, 0 
0x09B0	0x0F30      	ADDLW       48
0x09B2	0x6EE6      	MOVWF       POSTINC1 
0x09B4	0x4A4B      	INFSNZ      FARG_FloatToStr_str, 1 
0x09B6	0x2A4C      	INCF        FARG_FloatToStr_str+1, 1 
L_FloatToStr97:
;__Lib_Conversions.c,564 :: 		
0x09B8	0x0E0A      	MOVLW       10
0x09BA	0x6E04      	MOVWF       R4 
0x09BC	0xF000C04E  	MOVFF       FloatToStr_d_L0, R0
0x09C0	0xF000ECD4  	CALL        _Div_8x8_U, 0
0x09C4	0xF000C008  	MOVFF       R8, R0
0x09C8	0xFFE1C04B  	MOVFF       FARG_FloatToStr_str, FSR1L
0x09CC	0xFFE2C04C  	MOVFF       FARG_FloatToStr_str+1, FSR1H
0x09D0	0x5000      	MOVF        R0, 0 
0x09D2	0x0F30      	ADDLW       48
0x09D4	0x6EE6      	MOVWF       POSTINC1 
0x09D6	0x4A4B      	INFSNZ      FARG_FloatToStr_str, 1 
0x09D8	0x2A4C      	INCF        FARG_FloatToStr_str+1, 1 
;__Lib_Conversions.c,565 :: 		
L_FloatToStr95:
;__Lib_Conversions.c,566 :: 		
0x09DA	0xFFE1C04B  	MOVFF       FARG_FloatToStr_str, FSR1L
0x09DE	0xFFE2C04C  	MOVFF       FARG_FloatToStr_str+1, FSR1H
0x09E2	0x6AE6      	CLRF        POSTINC1 
;__Lib_Conversions.c,567 :: 		
0x09E4	0x6A00      	CLRF        R0 
;__Lib_Conversions.c,568 :: 		
L_end_FloatToStr:
0x09E6	0x0012      	RETURN      0
; end of _FloatToStr
_main:
0x09E8	0xF005EC6A  	CALL        2772, 0
;CONVERSOR_AD.c,12 :: 		void main()
;CONVERSOR_AD.c,14 :: 		ADCON1 = 0b00001010;   // Define AN4, AN3, AN2, AN1 e AN0 como Entraga Analgica
0x09EC	0x0E0A      	MOVLW       10
0x09EE	0x6EC1      	MOVWF       ADCON1 
;CONVERSOR_AD.c,15 :: 		CMCON = 7;             // Desabilita comparadores
0x09F0	0x0E07      	MOVLW       7
0x09F2	0x6EB4      	MOVWF       CMCON 
;CONVERSOR_AD.c,17 :: 		UART1_init(9600);   // Inicia a UART com velocidade de 9600bps
0x09F4	0x86B8      	BSF         BAUDCON, 3, 0
0x09F6	0x0E04      	MOVLW       4
0x09F8	0x6EB0      	MOVWF       SPBRGH 
0x09FA	0x0EE1      	MOVLW       225
0x09FC	0x6EAF      	MOVWF       SPBRG 
0x09FE	0x84AC      	BSF         TXSTA, 2, 0
0x0A00	0xDCA8      	RCALL       _UART1_Init
;CONVERSOR_AD.c,18 :: 		delay_ms(10);   // Espere 10ms para estabilizar
0x0A02	0x0E9C      	MOVLW       156
0x0A04	0x6E0C      	MOVWF       R12, 0
0x0A06	0x0ED7      	MOVLW       215
0x0A08	0x6E0D      	MOVWF       R13, 0
L_main0:
0x0A0A	0x2E0D      	DECFSZ      R13, 1, 0
0x0A0C	0xD7FE      	BRA         L_main0
0x0A0E	0x2E0C      	DECFSZ      R12, 1, 0
0x0A10	0xD7FC      	BRA         L_main0
;CONVERSOR_AD.c,19 :: 		ADC_init();   // Inicia ADC
0x0A12	0xDCE5      	RCALL       _ADC_Init
;CONVERSOR_AD.c,20 :: 		do
L_main1:
;CONVERSOR_AD.c,22 :: 		delay_ms(1000);   // Aguarda 1 seg
0x0A14	0x0E3D      	MOVLW       61
0x0A16	0x6E0B      	MOVWF       R11, 0
0x0A18	0x0EE1      	MOVLW       225
0x0A1A	0x6E0C      	MOVWF       R12, 0
0x0A1C	0x0E3F      	MOVLW       63
0x0A1E	0x6E0D      	MOVWF       R13, 0
L_main4:
0x0A20	0x2E0D      	DECFSZ      R13, 1, 0
0x0A22	0xD7FE      	BRA         L_main4
0x0A24	0x2E0C      	DECFSZ      R12, 1, 0
0x0A26	0xD7FC      	BRA         L_main4
0x0A28	0x2E0B      	DECFSZ      R11, 1, 0
0x0A2A	0xD7FA      	BRA         L_main4
0x0A2C	0x0000      	NOP
0x0A2E	0x0000      	NOP
;CONVERSOR_AD.c,23 :: 		adc_rd = ADC_Read(4);   // Obtem o resultado da conversao AN4 (RA5)
0x0A30	0x0E04      	MOVLW       4
0x0A32	0x6E47      	MOVWF       FARG_ADC_Read_channel 
0x0A34	0xDCB9      	RCALL       _ADC_Read
0x0A36	0xDCE1      	RCALL       _Word2Double
0x0A38	0xF03FC000  	MOVFF       R0, _adc_rd
0x0A3C	0xF040C001  	MOVFF       R1, _adc_rd+1
0x0A40	0xF041C002  	MOVFF       R2, _adc_rd+2
0x0A44	0xF042C003  	MOVFF       R3, _adc_rd+3
;CONVERSOR_AD.c,24 :: 		delay_us(22);
0x0A48	0x0E57      	MOVLW       87
0x0A4A	0x6E0D      	MOVWF       R13, 0
L_main5:
0x0A4C	0x2E0D      	DECFSZ      R13, 1, 0
0x0A4E	0xD7FE      	BRA         L_main5
0x0A50	0x0000      	NOP
0x0A52	0x0000      	NOP
;CONVERSOR_AD.c,25 :: 		adc_rd = ((adc_rd*5)/1023);   // Mostra valores de tenso de 0 a 5V
0x0A54	0xF000C03F  	MOVFF       _adc_rd, R0
0x0A58	0xF001C040  	MOVFF       _adc_rd+1, R1
0x0A5C	0xF002C041  	MOVFF       _adc_rd+2, R2
0x0A60	0xF003C042  	MOVFF       _adc_rd+3, R3
0x0A64	0x0E00      	MOVLW       0
0x0A66	0x6E04      	MOVWF       R4 
0x0A68	0x0E00      	MOVLW       0
0x0A6A	0x6E05      	MOVWF       R5 
0x0A6C	0x0E20      	MOVLW       32
0x0A6E	0x6E06      	MOVWF       R6 
0x0A70	0x0E81      	MOVLW       129
0x0A72	0x6E07      	MOVWF       R7 
0x0A74	0xF000EC32  	CALL        _Mul_32x32_FP, 0
0x0A78	0x0E00      	MOVLW       0
0x0A7A	0x6E04      	MOVWF       R4 
0x0A7C	0x0EC0      	MOVLW       192
0x0A7E	0x6E05      	MOVWF       R5 
0x0A80	0x0E7F      	MOVLW       127
0x0A82	0x6E06      	MOVWF       R6 
0x0A84	0x0E88      	MOVLW       136
0x0A86	0x6E07      	MOVWF       R7 
0x0A88	0xDCEC      	RCALL       _Div_32x32_FP
0x0A8A	0xF03FC000  	MOVFF       R0, _adc_rd
0x0A8E	0xF040C001  	MOVFF       R1, _adc_rd+1
0x0A92	0xF041C002  	MOVFF       R2, _adc_rd+2
0x0A96	0xF042C003  	MOVFF       R3, _adc_rd+3
;CONVERSOR_AD.c,26 :: 		floattostr(adc_rd,tensao);   // Converte ponto flutuante em string
0x0A9A	0xF047C000  	MOVFF       R0, FARG_FloatToStr_fnum
0x0A9E	0xF048C001  	MOVFF       R1, FARG_FloatToStr_fnum+1
0x0AA2	0xF049C002  	MOVFF       R2, FARG_FloatToStr_fnum+2
0x0AA6	0xF04AC003  	MOVFF       R3, FARG_FloatToStr_fnum+3
0x0AAA	0x0E23      	MOVLW       _tensao
0x0AAC	0x6E4B      	MOVWF       FARG_FloatToStr_str 
0x0AAE	0x0E00      	MOVLW       hi_addr(_tensao)
0x0AB0	0x6E4C      	MOVWF       FARG_FloatToStr_str+1 
0x0AB2	0xDD91      	RCALL       _FloatToStr
;CONVERSOR_AD.c,28 :: 		UART1_Write_text(tensao);   // Escreve o valor de tenso na serial
0x0AB4	0x0E23      	MOVLW       _tensao
0x0AB6	0x6E47      	MOVWF       FARG_UART1_Write_Text_uart_text 
0x0AB8	0x0E00      	MOVLW       hi_addr(_tensao)
0x0ABA	0x6E48      	MOVWF       FARG_UART1_Write_Text_uart_text+1 
0x0ABC	0xDCB2      	RCALL       _UART1_Write_Text
;CONVERSOR_AD.c,29 :: 		UART1_Write(13);  // Pula linha
0x0ABE	0x0E0D      	MOVLW       13
0x0AC0	0x6E55      	MOVWF       FARG_UART1_Write_data_ 
0x0AC2	0xF000ECCD  	CALL        _UART1_Write, 0
;CONVERSOR_AD.c,31 :: 		} while(1); // while
0x0AC6	0xD7A6      	BRA         L_main1
;CONVERSOR_AD.c,32 :: 		} // main
L_end_main:
0x0AC8	0xD7FF      	BRA         $+0
; end of _main
0x0AD4	0xF015EE10  	LFSR        1, 21
0x0AD8	0x0E0A      	MOVLW       10
0x0ADA	0x6E00      	MOVWF       R0 
0x0ADC	0x0E01      	MOVLW       1
0x0ADE	0x6E01      	MOVWF       R1 
0x0AE0	0x0ECA      	MOVLW       202
0x0AE2	0x6EF6      	MOVWF       4086 
0x0AE4	0x0E0A      	MOVLW       10
0x0AE6	0x6EF7      	MOVWF       TBLPTRH 
0x0AE8	0x0E00      	MOVLW       0
0x0AEA	0x6EF8      	MOVWF       TBLPTRU 
0x0AEC	0xF002EC29  	CALL        1106, 0
0x0AF0	0x0012      	RETURN      0
;__Lib_Conversions.c,0 :: ?ICS?lstr1___Lib_Conversions
0x0ACA	0x614E ;?ICS?lstr1___Lib_Conversions+0
0x0ACC	0x004E ;?ICS?lstr1___Lib_Conversions+2
; end of ?ICS?lstr1___Lib_Conversions
;__Lib_Conversions.c,0 :: ?ICS?lstr3___Lib_Conversions
0x0ACE	0x4E49 ;?ICS?lstr3___Lib_Conversions+0
0x0AD0	0x0046 ;?ICS?lstr3___Lib_Conversions+2
; end of ?ICS?lstr3___Lib_Conversions
;__Lib_Conversions.c,0 :: ?ICS?lstr2___Lib_Conversions
0x0AD2	0x0030 ;?ICS?lstr2___Lib_Conversions+0
; end of ?ICS?lstr2___Lib_Conversions
Symbol List:
//** Routines locations **
//ADDRESS    SIZE    PROCEDURE
//----------------------------------------------
0x001C       [8]    _FIXSIGN32
0x0024      [24]    _SETFOV32
0x003C      [26]    _SETFUN32
0x0056      [14]    _RES032
0x0064     [288]    _Mul_32x32_FP
0x0184      [14]    _Delay_22us
0x0192       [8]    _SETFDZ32
0x019A      [14]    _UART1_Write
0x01A8      [30]    _Div_8x8_U
0x01C6     [206]    _Compare_Double
0x0294      [76]    _strcpy
0x02E0     [114]    _NRM3232
0x0352      [86]    _UART1_Init
0x03A8      [54]    _ADC_Read
0x03DE      [28]    _ADC_Init
0x03FA      [40]    _Word2Double
0x0422      [48]    _UART1_Write_Text
0x0452      [16]    ___CC2DW
0x0462     [372]    _Div_32x32_FP
0x05D6    [1042]    _FloatToStr
0x09E8     [226]    _main
//** Variables locations ** 
//ADDRESS    SIZE    VARIABLE
//----------------------------------------------
0x0000       [1]    R0
0x0000       [1]    UART1_Init_tmp_L0
0x0000       [1]    __Lib_SoftI2C_PutZerosToLATScl_temp_scl_L0
0x0000       [1]    __Lib_SoftI2C_PutZerosToLATSda_temp_sda_L0
0x0000       [1]    EEPROM_Write_SaveINTCON_L0
0x0000       [1]    FLASH_Erase_64_SaveINTCON_L0
0x0000       [1]    SPI1_Write_tmp_L0
0x0001       [1]    I2C1_Rd_tmp_L0
0x0001       [1]    __Lib_USB_genHID_?FLOC____Lib_USB_genHID_USB_Handle_BusyT1
0x0001       [1]    __Lib_TFT_16bit_JPEG_FileRead_i_L0
0x0001       [1]    ispunct_rslt_L0
0x0001       [1]    UART1_Read___tmp_UART1_Read_L0
0x0001       [1]    R1
0x0001       [1]    __Lib_PS2_Wait_Falling_nsample_L0
0x0001       [1]    __Lib_TFT_JPEG_FileRead_i_L0
0x0001       [1]    FLASH_Erase_Write_64_i_L0
0x0001       [1]    __Lib_TFT_16bit_JPEG_FileReadBytes_Result_L0
0x0001       [1]    __Lib_TFT_JPEG_FileReadBytes_Result_L0
0x0001       [1]    FLASH_Write_32_i_L0
0x0001       [2]    FLASH_Read_N_Bytes_i_L0
0x0002       [1]    FLASH_Erase_Write_64_j_L0
0x0002       [2]    strlen_cp_L0
0x0002       [1]    R2
0x0002       [1]    __Lib_USB_genHID_USB_CtrlTrf_Rx_Service_byteToRead_L0
0x0002       [2]    memchr_s_L0
0x0002       [2]    memset_pp_L0
0x0002       [1]    FLASH_Write_32_SaveINTCON_L0
0x0002       [2]    memcpy_dd_L0
0x0003       [2]    __Lib_MmcFat16_f16_toInt_l_L0
0x0003       [1]    __Lib_USB_genHID_USB_CtrlTrf_Rx_Service_i_L0
0x0003       [1]    MM_Init_i_L0
0x0003       [2]    __Lib_USB_genHID_USB_CtrlTrf_Tx_Service_byteToSend_L0
0x0003       [1]    R3
0x0003       [2]    MM_TotalFreeMemSize_Tot_L0
0x0003       [1]    FLASH_Erase_Write_64_SaveINTCON_L0
0x0003       [1]    __Lib_Sprinti_?FLOC____Lib_Sprinti_Do_FillT29
0x0003       [2]    Ltrim_original_L0
0x0003       [2]    memmove_tt_L0
0x0004       [2]    __Lib_MemManager_MM_GetMemAlign_P_L0
0x0004       [2]    __Lib_USB_genHID_USB_Std_Feature_Req_Handler_p_L0
0x0004       [2]    strcat_cp_L0
0x0004       [1]    __Lib_USB_genHID_GetMaxIndexInDevDsc_index_L0
0x0004       [2]    strncpy_cp_L0
0x0004       [2]    __Lib_USB_genHID_USB_Get_Status_Handler_p_L2
0x0004       [2]    frexp_pom_L0
0x0004       [1]    __Lib_Sprinti_?FLOC____Lib_Sprinti_Do_FillT40
0x0004       [2]    strncat_cp_L0
0x0004       [2]    __Lib_USB_genHID_USB_Transfer_Packet_handle_L0
0x0004       [2]    memcpy_ss_L0
0x0004       [1]    R4
0x0004       [2]    strcpy_cp_L0
0x0005       [1]    __Lib_Sprinti_?FLOC____Lib_Sprinti_Do_FillT54
0x0005       [1]    MM_TotalFreeMemSize_i_L0
0x0005       [2]    Ltrim_p_L0
0x0005       [2]    LongIntToHex_input_half_L0
0x0005       [1]    R5
0x0005       [2]    __Lib_USB_genHID_USB_Configure_Endpoint_handle_L0
0x0005       [2]    LongWordToHex_input_half_L0
0x0005       [2]    memmove_ff_L0
0x0006       [1]    __Lib_MemManager_MM_GetMemAlign_i_L0
0x0006       [1]    __Lib_Sprinti_?FLOC____Lib_Sprinti_Do_FillT69
0x0006       [2]    __Lib_USB_genHID_GetMaxIndexInConfigDsc_totalLen_L0
0x0006       [1]    R6
0x0007       [1]    __Lib_TFT_JPEG_GenerateHuffmanTables_bLength_L0
0x0007       [1]    __Lib_TFT_16bit_JPEG_GenerateHuffmanTables_bLength_L0
0x0007       [1]    R7
0x0008       [1]    R8
0x0008       [1]    __Lib_TFT_16bit_JPEG_GenerateHuffmanTables_bTable_L0
0x0008       [3]    __Lib_USB_genHID_GetMaxIndexInConfigDsc_ptr_L0
0x0008       [1]    __Lib_TFT_JPEG_GenerateHuffmanTables_bTable_L0
0x0009       [4]    __Lib_MmcFat16_f16_toLong_l_L0
0x0009       [1]    R9
0x000A       [1]    R10
0x000B       [1]    R11
0x000C       [1]    R12
0x000D       [1]    R13
0x000E       [1]    R14
0x000F       [1]    R15
0x0010       [1]    R16
0x0011       [1]    R17
0x0012       [1]    R18
0x0013       [1]    R19
0x0014       [1]    R20
0x0015       [4]    ?lstr1___Lib_Conversions
0x0019       [4]    ?lstr3___Lib_Conversions
0x001D       [2]    ?lstr2___Lib_Conversions
0x001F       [4]    _ADC_Get_Sample_Ptr
0x0023      [16]    _tensao
0x0033       [4]    _UART_Rdy_Ptr
0x0037       [4]    _UART_Tx_Idle_Ptr
0x003B       [4]    _UART_Rd_Ptr
0x003F       [4]    _adc_rd
0x0043       [4]    _UART_Wr_Ptr
0x0047       [2]    FARG_UART1_Write_Text_uart_text
0x0047       [4]    FARG_FloatToStr_fnum
0x0047       [1]    FARG_ADC_Read_channel
0x0049       [1]    UART1_Write_Text_data__L0
0x004A       [1]    UART1_Write_Text_counter_L0
0x004B       [2]    FARG_FloatToStr_str
0x004D       [1]    FloatToStr_i_L0
0x004E       [1]    FloatToStr_d_L0
0x004F       [4]    FloatToStr_un_L0
0x0053       [1]    FloatToStr_bpoint_L0
0x0054       [1]    FloatToStr_dexpon_L0
0x0055       [2]    FARG_strcpy_to
0x0055       [1]    FARG_UART1_Write_data_
0x0057       [2]    FARG_strcpy_from
0x0F94       [0]    TRISC7_bit
0x0F94       [0]    TRISC6_bit
0x0F9E       [1]    PIR1
0x0FAB       [1]    RCSTA
0x0FAC       [1]    TXSTA
0x0FAD       [1]    TXREG
0x0FAE       [1]    RCREG
0x0FAF       [1]    SPBRG
0x0FB0       [1]    SPBRGH
0x0FB4       [1]    CMCON
0x0FB8       [1]    BAUDCON
0x0FC0       [1]    ADCON2
0x0FC1       [1]    ADCON1
0x0FC2       [1]    ADCON0
0x0FC3       [1]    ADRESL
0x0FC4       [1]    ADRESH
0x0FD8       [1]    STATUS
0x0FD9       [1]    FSR2L
0x0FDA       [1]    FSR2H
0x0FDE       [1]    POSTINC2
0x0FE0       [1]    BSR
0x0FE1       [1]    FSR1L
0x0FE2       [1]    FSR1H
0x0FE4       [1]    PREINC1
0x0FE6       [1]    POSTINC1
0x0FE7       [1]    INDF1
0x0FE8       [1]    WREG
0x0FE9       [1]    FSR0L
0x0FEA       [1]    FSR0H
0x0FEE       [1]    POSTINC0
0x0FF3       [1]    PRODL
0x0FF4       [1]    PRODH
0x0FF5       [1]    TABLAT
0x0FF6       [1]    TBLPTRL
0x0FF7       [1]    TBLPTRH
0x0FF8       [1]    TBLPTRU
//** Constants locations ** 
//ADDRESS    SIZE    CONSTANT
//----------------------------------------------
0x0ACA       [4]    ?ICS?lstr1___Lib_Conversions
0x0ACE       [4]    ?ICS?lstr3___Lib_Conversions
0x0AD2       [2]    ?ICS?lstr2___Lib_Conversions
//** Label List: ** 
//----------------------------------------------
  L_main0
  L_main1
  L_main2
  L_main3
  L_main4
  L_main5
  L_end_main
  _main
  L_ADC_Get_Sample0
  L_ADC_Get_Sample1
  L_ADC_Read2
  L_ADC_Read3
  L_end_ADC_Init
  _ADC_Init
  L_end_ADC_Get_Sample
  _ADC_Get_Sample
  L_end_ADC_Read
  _ADC_Read
  L_ByteToStr0
  L_ByteToStr1
  L_ByteToStr2
  L_ByteToStr3
  L_ByteToStr4
  L_ByteToStr5
  L_WordToStr6
  L_WordToStr7
  L_WordToStr8
  L_WordToStr9
  L_WordToStr10
  L_WordToStr11
  L_WordToStrWithZeros12
  L_WordToStrWithZeros13
  L_WordToStrWithZeros14
  L_WordToStrWithZeros15
  L_WordToStrWithZeros16
  L_ShortToStr17
  L_ShortToStr18
  L_ShortToStr19
  L_ShortToStr20
  L_ShortToStr21
  L_ShortToStr22
  L_IntToStr23
  L_IntToStr24
  L_IntToStr25
  L_IntToStr26
  L_IntToStr27
  L_IntToStr28
  L_IntToStrWithZeros29
  L_IntToStrWithZeros30
  L_IntToStrWithZeros31
  L_IntToStrWithZeros32
  L_IntToStrWithZeros33
  L_IntToStrWithZeros34
  L_IntToStrWithZeros35
  L_IntToStrWithZeros36
  L_IntToStrWithZeros37
  L_LongWordToStr38
  L_LongWordToStr39
  L_LongWordToStr40
  L_LongWordToStr41
  L_LongWordToStr42
  L_LongWordToStr43
  L_LongWordToStrWithZeros44
  L_LongWordToStrWithZeros45
  L_LongWordToStrWithZeros46
  L_LongWordToStrWithZeros47
  L_LongWordToStrWithZeros48
  L_LongToStr49
  L_LongToStr50
  L_LongToStr51
  L_LongToStr52
  L_LongToStr53
  L_LongToStr54
  L_LongIntToStrWithZeros55
  L_LongIntToStrWithZeros56
  L_LongIntToStrWithZeros57
  L_LongIntToStrWithZeros58
  L_LongIntToStrWithZeros59
  L_LongIntToStrWithZeros60
  L_LongIntToStrWithZeros61
  L_LongIntToStrWithZeros62
  L_LongIntToStrWithZeros63
  L_Dec2Bcd64
  L_Dec2Bcd65
  L_Rtrim66
  L_Rtrim67
  L_Rtrim68
  L_Rtrim69
  L_Ltrim70
  L_Ltrim71
  L_Ltrim72
  L_Ltrim73
  L_Ltrim74
  L_Ltrim75
  L_FloatToStr76
  L_FloatToStr77
  L_FloatToStr78
  L_FloatToStr79
  L_FloatToStr80
  L_FloatToStr81
  L_FloatToStr82
  L_FloatToStr83
  L_FloatToStr84
  L_FloatToStr85
  L_FloatToStr86
  L_FloatToStr87
  L_FloatToStr88
  L_FloatToStr89
  L_FloatToStr90
  L_FloatToStr91
  L_FloatToStr92
  L_FloatToStr93
  L_FloatToStr94
  L_FloatToStr95
  L_FloatToStr96
  L_FloatToStr97
  L__Rtrim98
  L__Ltrim99
  L__FloatToStr100
  L_end_ByteToHex
  _ByteToHex
  L_end_ShortToHex
  _ShortToHex
  L_end_WordToHex
  _WordToHex
  L_end_IntToHex
  _IntToHex
  L_end_LongWordToHex
  _LongWordToHex
  L_end_LongIntToHex
  _LongIntToHex
  L_end_ByteToStr
  _ByteToStr
  L_end_WordToStr
  _WordToStr
  L__WordToStr109
  L_end_WordToStrWithZeros
  _WordToStrWithZeros
  L__WordToStrWithZeros111
  L_end_ShortToStr
  _ShortToStr
  L__ShortToStr113
  L_end_IntToStr
  _IntToStr
  L__IntToStr115
  L__IntToStr116
  L_end_IntToStrWithZeros
  _IntToStrWithZeros
  L__IntToStrWithZeros118
  L__IntToStrWithZeros119
  L__IntToStrWithZeros120
  L_end_LongWordToStr
  _LongWordToStr
  L__LongWordToStr122
  L__LongWordToStr123
  L_end_LongWordToStrWithZeros
  _LongWordToStrWithZeros
  L__LongWordToStrWithZeros125
  L_end_LongToStr
  _LongToStr
  L__LongToStr127
  L__LongToStr128
  L_end_LongIntToStrWithZeros
  _LongIntToStrWithZeros
  L__LongIntToStrWithZeros130
  L__LongIntToStrWithZeros131
  L__LongIntToStrWithZeros132
  L_end_Dec2Bcd
  _Dec2Bcd
  L_end_Bcd2Dec
  _Bcd2Dec
  L_end_Bcd2Dec16
  _Bcd2Dec16
  L__Bcd2Dec16136
  L__Bcd2Dec16137
  L_end_Dec2Bcd16
  _Dec2Bcd16
  L__Dec2Bcd16139
  L__Dec2Bcd16140
  L_end_Rtrim
  _Rtrim
  L__Rtrim142
  L_end_Ltrim
  _Ltrim
  L_end_FloatToStr
  _FloatToStr
  L__FloatToStr145
  L__FloatToStr146
  L__FloatToStr147
  L__FloatToStr148
  L__FloatToStr149
  L_memchr0
  L_memchr1
  L_memchr2
  L_memchr3
  L_memcmp4
  L_memcmp5
  L_memcmp6
  L_memcpy7
  L_memcpy8
  L_memmove9
  L_memmove10
  L_memmove11
  L_memmove12
  L_memmove13
  L_memmove14
  L_memmove15
  L_memmove16
  L_memmove17
  L_memmove18
  L_memmove19
  L_memset20
  L_memset21
  L_strcat22
  L_strcat23
  L_strcat24
  L_strcat25
  L_strchr26
  L_strchr27
  L_strchr28
  L_strchr29
  L_strcmp30
  L_strcmp31
  L_strcmp32
  L_strcmp33
  L_strcpy34
  L_strcpy35
  L_strlen36
  L_strlen37
  L_strncat38
  L_strncat39
  L_strncat40
  L_strncat41
  L_strncat42
  L_strncat43
  L_strncat44
  L_strncpy45
  L_strncpy46
  L_strncpy47
  L_strncpy48
  L_strncpy49
  L_strspn50
  L_strspn51
  L_strspn52
  L_strspn53
  L_strcspn54
  L_strcspn55
  L_strcspn56
  L_strcspn57
  L_strncmp58
  L_strncmp59
  L_strncmp60
  L_strncmp61
  L_strncmp62
  L_strpbrk63
  L_strpbrk64
  L_strpbrk65
  L_strrchr66
  L_strrchr67
  L_strrchr68
  L_strrchr69
  L_strstr70
  L_strstr71
  L_strstr72
  L_strstr73
  L_strstr74
  L_strtok75
  L_strtok76
  L_strtok77
  L_strtok78
  L_strtok79
  L__memmove80
  L__strcmp81
  L__strncat82
  L__strspn83
  L__strcspn84
  L__strncmp85
  L__strstr86
  L_end_memchr
  _memchr
  L_end_memcmp
  _memcmp
  L__memcmp89
  L_end_memcpy
  _memcpy
  L_end_memmove
  _memmove
  L__memmove92
  L__memmove93
  L_end_memset
  _memset
  L_end_strcat
  _strcat
  L_end_strchr
  _strchr
  L_end_strcmp
  _strcmp
  L_end_strcpy
  _strcpy
  L_end_strlen
  _strlen
  L_end_strncat
  _strncat
  L__strncat101
  L_end_strncpy
  _strncpy
  L_end_strspn
  _strspn
  L__strspn104
  L_end_strcspn
  _strcspn
  L__strcspn106
  L_end_strncmp
  _strncmp
  L_end_strpbrk
  _strpbrk
  L_end_strrchr
  _strrchr
  L__strrchr110
  L_end_strstr
  _strstr
  L__strstr112
  L__strstr113
  L_end_strtok
  _strtok
  L__strtok115
  L_Delay_1us0
  L_Delay_10us1
  L_Delay_22us2
  L_Delay_50us3
  L_Delay_80us4
  L_Delay_500us5
  L_Delay_5500us6
  L_Delay_1ms7
  L_Delay_5ms8
  L_Delay_8ms9
  L_Delay_100ms10
  L_Delay_10ms11
  L_Delay_1sec12
  L____Boot_Delay4k13
  L____Boot_Delay8k14
  L____Boot_Delay12k15
  L____Boot_Delay16k16
  L____Boot_Delay24k17
  L____Boot_Delay32k18
  L____Boot_Delay48k19
  L____Boot_Delay64k20
  L____Boot_Delay128k21
  L_Delay_Cyc22
  L_Delay_Cyc23
  L_VDelay_ms24
  L_VDelay_ms25
  L_VDelay_ms26
  L_VDelay_Advanced_ms27
  L_VDelay_Advanced_ms28
  L_VDelay_Advanced_ms29
  L_end_Get_Fosc_kHz
  _Get_Fosc_kHz
  L_end_Delay_1us
  _Delay_1us
  L_end_Delay_10us
  _Delay_10us
  L_end_Delay_22us
  _Delay_22us
  L_end_Delay_50us
  _Delay_50us
  L_end_Delay_80us
  _Delay_80us
  L_end_Delay_500us
  _Delay_500us
  L_end_Delay_5500us
  _Delay_5500us
  L_end_Delay_1ms
  _Delay_1ms
  L_end_Delay_5ms
  _Delay_5ms
  L_end_Delay_8ms
  _Delay_8ms
  L_end_Delay_100ms
  _Delay_100ms
  L_end_Delay_10ms
  _Delay_10ms
  L_end_Delay_1sec
  _Delay_1sec
  L_end____Boot_Delay4k
  ____Boot_Delay4k
  L_end____Boot_Delay8k
  ____Boot_Delay8k
  L_end____Boot_Delay12k
  ____Boot_Delay12k
  L_end____Boot_Delay16k
  ____Boot_Delay16k
  L_end____Boot_Delay24k
  ____Boot_Delay24k
  L_end____Boot_Delay32k
  ____Boot_Delay32k
  L_end____Boot_Delay48k
  ____Boot_Delay48k
  L_end____Boot_Delay64k
  ____Boot_Delay64k
  L_end____Boot_Delay128k
  ____Boot_Delay128k
  L_end_Delay_Cyc
  _Delay_Cyc
  L_end_VDelay_ms
  _VDelay_ms
  L__VDelay_ms55
  L__VDelay_ms56
  L__VDelay_ms57
  L_end_VDelay_Advanced_ms
  _VDelay_Advanced_ms
  L__VDelay_Advanced_ms59
  L__VDelay_Advanced_ms60
  L__VDelay_Advanced_ms61
  L_Div_16x16_S0
  L_Div_16x16_S1
  LOOPS3232A
  SADD22LA
  SOK22LA
  SADD22L8
  SOK22L8
  LOOPS3232B
  SADD22LB
  SOK22LB
  SADD22L16
  SOK22L16
  LOOPS3232C
  SADD22LC
  SOK22LC
  SADD22L24
  SOK22L24
  LOOPS3232D
  SADD22LD
  SOK22LD
  SOK22L
  L_Div_32x32_S6
  L_Div_32x32_S7
  L_Div_32x32_S8
  L_Div_32x32_S9
  FXD3232S
  END_ALL
  CA3232S
  C3232SX
  C3232SX1
  C3232S
  C3232S2
  C3232SX4
  C3232SOK
  C3232SX3
  C3232SX2
  avoid_comfrem
  LOOPU3232A
  UADD22LA
  UOK22LA
  UADD22L8
  UOK22L8
  LOOPU3232B
  UADD22LB
  UOK22LB
  UADD22L16
  UOK22L16
  LOOPU3232C
  UADD22LC
  UOK22LC
  UADD22L24
  UOK22L24
  LOOPU3232D
  UADD22LD
  UOK22LD
  UOK22L
  _NEXT
  _EXIT2
  _LOOP
  _EXIT1
  _IF_FIRST
  _IF_SECOND
  _INVERCE_FIRST
  _MULT
  _INBERSE_SECOND
  _EXIT
  L_end_Div_8x8_U
  _Div_8x8_U
  L_end_Div_16x16_U
  _Div_16x16_U
  L_end_Div_16x16_S_L
  _Div_16x16_S_L
  L_end_Div_16x16_S
  _Div_16x16_S
  L_end_Div_8x8_S
  _Div_8x8_S
  L_end_Mul_8x8_S
  _Mul_8x8_S
  L_end_Mul_16x16_U
  _Mul_16x16_U
  L_end_Mul_16x16_S
  _Mul_16x16_S
  L_end_SDIV3232L
  _SDIV3232L
  L_end_COMFREM
  _COMFREM
  L_end_Div_32x32_S
  _Div_32x32_S
  L_end_Div_32x32_U
  _Div_32x32_U
  L_end_Mul_32x32_U
  _Mul_32x32_U
  L_end_Mul_32x32_S
  _Mul_32x32_S
  SETFOV32EEE
  SETFUN32EEE
  NRMRND4032
  NRM40JPSETFOV32
  NRM4032
  NRM4032A
  TNIB4032
  NORM4032
  TNORMUN4032
  NRM40JPSETFUN32
  NRM40JPFIXSIGN32
  NRM4032B
  TNIB4032A
  NORM4032A
  NRM4032C
  TNIB4032B
  NORM4032B
  NRM40JPRES032
  TNIB4032C
  NORM4032C
  NRM40EEE
  NORM3232
  JPNRES032
  JPNSETFUN32
  NORM3232A
  JMPNFIXSIGN32
  NORM32EEE
  SETIOV3224EEE
  FPA32
  USEA32
  USEB32
  BRETURN32
  BLIGNED32
  BNIB32
  BNIB32A
  BNIB32B
  BNIB32C
  ADDEOK
  BLOOP32C
  BLOOP32B
  BLOOP32A
  BLOOP32
  AOK32
  BNE032
  ALIGNED32
  ANIB32
  ANIB32A
  ANIB32B
  ANIB32C
  ALOOP32C
  ALOOP32B
  ALOOP32A
  ALOOP32
  ACOMP32
  ADDJPNRMRND4032
  ADDJPSETFOV32
  ADDJPNRM4032
  ADDEEE
  FPS32
  FPM32
  MULJPRES032
  M32BNE0
  MTUN32
  MULJPSETFOV32
  MOK32
  MULJPSETFUN32
  MROUND32
  MUL32OK
  MULEEE
  L_Div_32x32_FP11
  L_Div_32x32_FP12
  L_Div_32x32_FP13
  L_Div_32x32_FP14
  FPD32
  JPDSETFDZ32
  JPDRES032
  D32BNE0
  TALIGN32
  TS1ALIGN32
  TS2ALIGN32
  DALIGN32OK
  ALTB32
  AGEB32
  JPDSETFOV32
  DARGOK32
  JPDSETFUN32
  DLOOP32
  DS132
  DS232
  DREST32
  DOK32
  DAREST32
  DROUND32
  DIV32OK
  DIV32EEE
  INT3232U
  INT3232UEOK
  SETEXP32U
  SETIOV32U
  TSHIFT3232U
  SHIFT3232UOK
  SHIFT3232U
  INT3232UOK
  JPLSETIOV3224
  IRES032U
  INT3232UEER
  INT3232UEEE
  INT3232
  INT3232EOK
  SETIOV32
  TSHIFT3232
  SHIFT3232OK
  SHIFT3232
  INT3232OK
  JPISETIOV3224
  IRES032
  INT3232EER
  INT3232EEE
  INT3216
  IRES016
  SETIOV16
  TSHIFT3216
  SHIFT3216OK
  SHIFT3216
  INT3216OK
  JPJSETIOV3224
  INT3216EOK
  INT3216EER
  INT3216EEE
  INT3216U
  IRES016U
  SETEXP16U
  SETIOV16U
  TSHIFT3216U
  SHIFT3216UOK
  SHIFT3216U
  INT3216UOK
  JPKSETIOV3224
  INT3216UEOK
  INT3216UEER
  INT3216UEEE
  INT32U08
  IRES008
  SETEXP08
  SETIOV08
  TSHIFT3208
  SHIFT3208OK
  SHIFT3208
  INT3208OK
  D2B_JPKSETIOV3224
  INT3208EOK
  INT3208EER
  INT3208EEE
  FLO08U32
  FLO1632
  FLO1632EEE
  FLO16U32
  FLO3232
  FLO3232EEE
  FLO32U32
  EQU_FALSE
  COMPARE_EQU
  COMPARE_NOTZERO
  COMPARE_XNOTZERO
  COMPARE_YNOTZERO
  COMPARE_LT
  COMPARE_GT
  COMPARE_TESTALL
  COMPARE_C1
  GT_FALSE
  GT_TRUE
  COMPARE_C2
  COMPARE_C3
  L_end_SETFOV32
  _SETFOV32
  L_end_SETFDZ32
  _SETFDZ32
  L_end_FIXSIGN32
  _FIXSIGN32
  L_end_RES032
  _RES032
  L_end_SETFUN32
  _SETFUN32
  L_end_NRM4032
  _NRM4032
  L_end_NRM3232
  _NRM3232
  L_end_SETIOV3224
  _SETIOV3224
  L_end_Add_32x32_FP
  _Add_32x32_FP
  L_end_Sub_32x32_FP
  _Sub_32x32_FP
  L_end_Mul_32x32_FP
  _Mul_32x32_FP
  L_end_Div_32x32_FP
  _Div_32x32_FP
  L_end_Double2Longword
  _Double2Longword
  L_end_Double2Longint
  _Double2Longint
  L_end_Double2Int
  _Double2Int
  L_end_Double2Word
  _Double2Word
  L_end_Double2Byte
  _Double2Byte
  L_end_Byte2Double
  _Byte2Double
  L_end_Int2Double
  _Int2Double
  L_end_Word2Double
  _Word2Double
  L_end_Longint2Double
  _Longint2Double
  L_end_Longword2Double
  _Longword2Double
  L_end_Equals_Double
  _Equals_Double
  L_end_Compare_Double
  _Compare_Double
  _CC2D_Loop1
  _CC2DL_Loop1
  L_loopCA2AWs
  L_loopCCA2AWs
  L_loopCS2Ss
  L_CS2Send
  L_loopCCS2Ss
  L_CCS2Send
  L_loopFZinSWs
  L_longjmp7
  L_end___CC2D
  ___CC2D
  L_end___CC2DW
  ___CC2DW
  L_end___CA2AW
  ___CA2AW
  L_end___CCA2AW
  ___CCA2AW
  L_end___CS2S
  ___CS2S
  L_end___CCS2S
  ___CCS2S
  L_end___FZinS
  ___FZinS
  L_end_____DoIFC
  _____DoIFC
  L_end_Swap
  _Swap
  L_end_setjmp
  _setjmp
  L_end_longjmp
  _longjmp
  L_UART1_Init0
  L_UART1_Init1
  L_UART1_Read2
  L_UART1_Write3
  L_UART1_Write4
  L_UART1_Write_Text5
  L_UART1_Write_Text6
  L_UART1_Read_Text7
  L_UART1_Read_Text8
  L_UART1_Read_Text9
  L_UART1_Read_Text10
  L_UART1_Read_Text11
  L_UART1_Read_Text12
  L_UART1_Read_Text13
  L_UART1_Read_Text14
  L_UART1_Read_Text15
  L_UART_Write_Text16
  L_UART_Write_Text17
  L_UART_Read_Text18
  L_UART_Read_Text19
  L_UART_Read_Text20
  L_UART_Read_Text21
  L_UART_Read_Text22
  L_UART_Read_Text23
  L_UART_Read_Text24
  L_UART_Read_Text25
  L_UART_Read_Text26
  L_end_UART1_Init
  _UART1_Init
  L_end_UART1_Data_Ready
  _UART1_Data_Ready
  L_end_UART1_Read
  _UART1_Read
  L_end_UART1_Tx_Idle
  _UART1_Tx_Idle
  L_end_UART1_Write
  _UART1_Write
  L_end_UART1_Write_Text
  _UART1_Write_Text
  L_end_UART1_Read_Text
  _UART1_Read_Text
  L_end_UART_Set_Active
  _UART_Set_Active
  L_end_UART_Write
  _UART_Write
  L_end_UART_Write_Text
  _UART_Write_Text
  L_end_UART_Read
  _UART_Read
  L_end_UART_Data_Ready
  _UART_Data_Ready
  L_end_UART_Read_Text
  _UART_Read_Text
  L_end_UART_Tx_Idle
  _UART_Tx_Idle
